{"/Users/navodanilakshi/Documents/book-app/controllers/authController.js": {"path":"/Users/navodanilakshi/Documents/book-app/controllers/authController.js","statementMap":{"0":{"start":{"line":5,"column":17},"end":{"line":5,"column":36}},"1":{"start":{"line":6,"column":13},"end":{"line":6,"column":38}},"2":{"start":{"line":12,"column":0},"end":{"line":16,"column":2}},"3":{"start":{"line":13,"column":2},"end":{"line":15,"column":5}},"4":{"start":{"line":22,"column":0},"end":{"line":57,"column":2}},"5":{"start":{"line":23,"column":33},"end":{"line":23,"column":41}},"6":{"start":{"line":26,"column":2},"end":{"line":30,"column":3}},"7":{"start":{"line":27,"column":4},"end":{"line":29,"column":7}},"8":{"start":{"line":32,"column":2},"end":{"line":56,"column":21}},"9":{"start":{"line":33,"column":4},"end":{"line":38,"column":5}},"10":{"start":{"line":34,"column":6},"end":{"line":34,"column":41}},"11":{"start":{"line":35,"column":6},"end":{"line":37,"column":9}},"12":{"start":{"line":40,"column":4},"end":{"line":44,"column":5}},"13":{"start":{"line":41,"column":6},"end":{"line":43,"column":9}},"14":{"start":{"line":46,"column":4},"end":{"line":55,"column":7}},"15":{"start":{"line":47,"column":6},"end":{"line":52,"column":7}},"16":{"start":{"line":48,"column":8},"end":{"line":48,"column":45}},"17":{"start":{"line":49,"column":8},"end":{"line":51,"column":11}},"18":{"start":{"line":54,"column":6},"end":{"line":54,"column":31}},"19":{"start":{"line":63,"column":0},"end":{"line":67,"column":2}},"20":{"start":{"line":64,"column":2},"end":{"line":66,"column":5}},"21":{"start":{"line":73,"column":0},"end":{"line":147,"column":2}},"22":{"start":{"line":74,"column":2},"end":{"line":146,"column":3}},"23":{"start":{"line":75,"column":59},"end":{"line":75,"column":67}},"24":{"start":{"line":78,"column":4},"end":{"line":82,"column":5}},"25":{"start":{"line":79,"column":6},"end":{"line":81,"column":9}},"26":{"start":{"line":85,"column":4},"end":{"line":89,"column":5}},"27":{"start":{"line":86,"column":6},"end":{"line":88,"column":9}},"28":{"start":{"line":92,"column":4},"end":{"line":96,"column":5}},"29":{"start":{"line":93,"column":6},"end":{"line":95,"column":9}},"30":{"start":{"line":99,"column":26},"end":{"line":101,"column":6}},"31":{"start":{"line":102,"column":4},"end":{"line":106,"column":5}},"32":{"start":{"line":103,"column":6},"end":{"line":105,"column":9}},"33":{"start":{"line":109,"column":17},"end":{"line":112,"column":6}},"34":{"start":{"line":115,"column":4},"end":{"line":115,"column":40}},"35":{"start":{"line":118,"column":4},"end":{"line":124,"column":7}},"36":{"start":{"line":119,"column":6},"end":{"line":122,"column":7}},"37":{"start":{"line":120,"column":8},"end":{"line":120,"column":48}},"38":{"start":{"line":121,"column":8},"end":{"line":121,"column":38}},"39":{"start":{"line":123,"column":6},"end":{"line":123,"column":31}},"40":{"start":{"line":126,"column":4},"end":{"line":126,"column":42}},"41":{"start":{"line":129,"column":4},"end":{"line":133,"column":5}},"42":{"start":{"line":130,"column":6},"end":{"line":132,"column":9}},"43":{"start":{"line":136,"column":4},"end":{"line":141,"column":5}},"44":{"start":{"line":137,"column":23},"end":{"line":137,"column":76}},"45":{"start":{"line":137,"column":64},"end":{"line":137,"column":75}},"46":{"start":{"line":138,"column":6},"end":{"line":140,"column":9}},"47":{"start":{"line":143,"column":4},"end":{"line":145,"column":7}},"48":{"start":{"line":153,"column":0},"end":{"line":161,"column":2}},"49":{"start":{"line":154,"column":2},"end":{"line":160,"column":5}},"50":{"start":{"line":155,"column":4},"end":{"line":158,"column":5}},"51":{"start":{"line":156,"column":6},"end":{"line":156,"column":42}},"52":{"start":{"line":157,"column":6},"end":{"line":157,"column":23}},"53":{"start":{"line":159,"column":4},"end":{"line":159,"column":27}}},"fnMap":{"0":{"name":"(anonymous_0)","decl":{"start":{"line":12,"column":26},"end":{"line":12,"column":27}},"loc":{"start":{"line":12,"column":40},"end":{"line":16,"column":1}},"line":12},"1":{"name":"(anonymous_1)","decl":{"start":{"line":22,"column":27},"end":{"line":22,"column":28}},"loc":{"start":{"line":22,"column":47},"end":{"line":57,"column":1}},"line":22},"2":{"name":"(anonymous_2)","decl":{"start":{"line":32,"column":33},"end":{"line":32,"column":34}},"loc":{"start":{"line":32,"column":54},"end":{"line":56,"column":3}},"line":32},"3":{"name":"(anonymous_3)","decl":{"start":{"line":46,"column":20},"end":{"line":46,"column":21}},"loc":{"start":{"line":46,"column":29},"end":{"line":55,"column":5}},"line":46},"4":{"name":"(anonymous_4)","decl":{"start":{"line":63,"column":27},"end":{"line":63,"column":28}},"loc":{"start":{"line":63,"column":41},"end":{"line":67,"column":1}},"line":63},"5":{"name":"(anonymous_5)","decl":{"start":{"line":73,"column":28},"end":{"line":73,"column":29}},"loc":{"start":{"line":73,"column":48},"end":{"line":147,"column":1}},"line":73},"6":{"name":"(anonymous_6)","decl":{"start":{"line":118,"column":20},"end":{"line":118,"column":21}},"loc":{"start":{"line":118,"column":29},"end":{"line":124,"column":5}},"line":118},"7":{"name":"(anonymous_7)","decl":{"start":{"line":137,"column":55},"end":{"line":137,"column":56}},"loc":{"start":{"line":137,"column":64},"end":{"line":137,"column":75}},"line":137},"8":{"name":"(anonymous_8)","decl":{"start":{"line":153,"column":24},"end":{"line":153,"column":25}},"loc":{"start":{"line":153,"column":44},"end":{"line":161,"column":1}},"line":153},"9":{"name":"(anonymous_9)","decl":{"start":{"line":154,"column":13},"end":{"line":154,"column":14}},"loc":{"start":{"line":154,"column":22},"end":{"line":160,"column":3}},"line":154}},"branchMap":{"0":{"loc":{"start":{"line":26,"column":2},"end":{"line":30,"column":3}},"type":"if","locations":[{"start":{"line":26,"column":2},"end":{"line":30,"column":3}},{"start":{},"end":{}}],"line":26},"1":{"loc":{"start":{"line":26,"column":6},"end":{"line":26,"column":28}},"type":"binary-expr","locations":[{"start":{"line":26,"column":6},"end":{"line":26,"column":15}},{"start":{"line":26,"column":19},"end":{"line":26,"column":28}}],"line":26},"2":{"loc":{"start":{"line":33,"column":4},"end":{"line":38,"column":5}},"type":"if","locations":[{"start":{"line":33,"column":4},"end":{"line":38,"column":5}},{"start":{},"end":{}}],"line":33},"3":{"loc":{"start":{"line":40,"column":4},"end":{"line":44,"column":5}},"type":"if","locations":[{"start":{"line":40,"column":4},"end":{"line":44,"column":5}},{"start":{},"end":{}}],"line":40},"4":{"loc":{"start":{"line":42,"column":15},"end":{"line":42,"column":62}},"type":"binary-expr","locations":[{"start":{"line":42,"column":15},"end":{"line":42,"column":27}},{"start":{"line":42,"column":31},"end":{"line":42,"column":62}}],"line":42},"5":{"loc":{"start":{"line":47,"column":6},"end":{"line":52,"column":7}},"type":"if","locations":[{"start":{"line":47,"column":6},"end":{"line":52,"column":7}},{"start":{},"end":{}}],"line":47},"6":{"loc":{"start":{"line":78,"column":4},"end":{"line":82,"column":5}},"type":"if","locations":[{"start":{"line":78,"column":4},"end":{"line":82,"column":5}},{"start":{},"end":{}}],"line":78},"7":{"loc":{"start":{"line":78,"column":8},"end":{"line":78,"column":60}},"type":"binary-expr","locations":[{"start":{"line":78,"column":8},"end":{"line":78,"column":17}},{"start":{"line":78,"column":21},"end":{"line":78,"column":27}},{"start":{"line":78,"column":31},"end":{"line":78,"column":40}},{"start":{"line":78,"column":44},"end":{"line":78,"column":60}}],"line":78},"8":{"loc":{"start":{"line":85,"column":4},"end":{"line":89,"column":5}},"type":"if","locations":[{"start":{"line":85,"column":4},"end":{"line":89,"column":5}},{"start":{},"end":{}}],"line":85},"9":{"loc":{"start":{"line":92,"column":4},"end":{"line":96,"column":5}},"type":"if","locations":[{"start":{"line":92,"column":4},"end":{"line":96,"column":5}},{"start":{},"end":{}}],"line":92},"10":{"loc":{"start":{"line":102,"column":4},"end":{"line":106,"column":5}},"type":"if","locations":[{"start":{"line":102,"column":4},"end":{"line":106,"column":5}},{"start":{},"end":{}}],"line":102},"11":{"loc":{"start":{"line":119,"column":6},"end":{"line":122,"column":7}},"type":"if","locations":[{"start":{"line":119,"column":6},"end":{"line":122,"column":7}},{"start":{},"end":{}}],"line":119},"12":{"loc":{"start":{"line":129,"column":4},"end":{"line":133,"column":5}},"type":"if","locations":[{"start":{"line":129,"column":4},"end":{"line":133,"column":5}},{"start":{},"end":{}}],"line":129},"13":{"loc":{"start":{"line":136,"column":4},"end":{"line":141,"column":5}},"type":"if","locations":[{"start":{"line":136,"column":4},"end":{"line":141,"column":5}},{"start":{},"end":{}}],"line":136},"14":{"loc":{"start":{"line":155,"column":4},"end":{"line":158,"column":5}},"type":"if","locations":[{"start":{"line":155,"column":4},"end":{"line":158,"column":5}},{"start":{},"end":{}}],"line":155}},"s":{"0":1,"1":1,"2":1,"3":1,"4":1,"5":6,"6":6,"7":2,"8":4,"9":4,"10":1,"11":1,"12":3,"13":1,"14":2,"15":2,"16":1,"17":1,"18":1,"19":1,"20":1,"21":1,"22":8,"23":8,"24":8,"25":1,"26":7,"27":1,"28":6,"29":1,"30":5,"31":5,"32":1,"33":4,"34":4,"35":1,"36":1,"37":0,"38":0,"39":1,"40":3,"41":3,"42":1,"43":2,"44":1,"45":1,"46":1,"47":1,"48":1,"49":2,"50":2,"51":1,"52":1,"53":1},"f":{"0":1,"1":6,"2":4,"3":2,"4":1,"5":8,"6":1,"7":1,"8":2,"9":2},"b":{"0":[2,4],"1":[6,5],"2":[1,3],"3":[1,2],"4":[1,0],"5":[1,1],"6":[1,7],"7":[8,8,7,7],"8":[1,6],"9":[1,5],"10":[1,4],"11":[0,1],"12":[1,2],"13":[1,1],"14":[1,1]},"_coverageSchema":"1a1c01bbd47fc00a2c39e90264f33305004495a9","hash":"3bcc32a7f347686b3a30e7eeb072135001e7a97e"}
,"/Users/navodanilakshi/Documents/book-app/controllers/bookController.js": {"path":"/Users/navodanilakshi/Documents/book-app/controllers/bookController.js","statementMap":{"0":{"start":{"line":5,"column":18},"end":{"line":5,"column":50}},"1":{"start":{"line":6,"column":19},"end":{"line":6,"column":52}},"2":{"start":{"line":7,"column":28},"end":{"line":7,"column":70}},"3":{"start":{"line":8,"column":24},"end":{"line":8,"column":62}},"4":{"start":{"line":9,"column":25},"end":{"line":9,"column":64}},"5":{"start":{"line":10,"column":25},"end":{"line":10,"column":64}},"6":{"start":{"line":11,"column":24},"end":{"line":11,"column":62}},"7":{"start":{"line":12,"column":19},"end":{"line":12,"column":49}},"8":{"start":{"line":13,"column":15},"end":{"line":13,"column":45}},"9":{"start":{"line":19,"column":0},"end":{"line":27,"column":2}},"10":{"start":{"line":21,"column":2},"end":{"line":21,"column":60}},"11":{"start":{"line":22,"column":2},"end":{"line":22,"column":34}},"12":{"start":{"line":24,"column":2},"end":{"line":26,"column":5}},"13":{"start":{"line":37,"column":2},"end":{"line":176,"column":3}},"14":{"start":{"line":41,"column":29},"end":{"line":41,"column":73}},"15":{"start":{"line":42,"column":6},"end":{"line":42,"column":77}},"16":{"start":{"line":45,"column":29},"end":{"line":45,"column":73}},"17":{"start":{"line":46,"column":6},"end":{"line":46,"column":68}},"18":{"start":{"line":49,"column":6},"end":{"line":49,"column":51}},"19":{"start":{"line":52,"column":6},"end":{"line":52,"column":52}},"20":{"start":{"line":57,"column":6},"end":{"line":57,"column":67}},"21":{"start":{"line":60,"column":6},"end":{"line":60,"column":79}},"22":{"start":{"line":66,"column":25},"end":{"line":66,"column":79}},"23":{"start":{"line":68,"column":6},"end":{"line":74,"column":7}},"24":{"start":{"line":69,"column":8},"end":{"line":73,"column":10}},"25":{"start":{"line":77,"column":26},"end":{"line":77,"column":78}},"26":{"start":{"line":80,"column":27},"end":{"line":83,"column":7}},"27":{"start":{"line":86,"column":25},"end":{"line":96,"column":8}},"28":{"start":{"line":87,"column":28},"end":{"line":90,"column":9}},"29":{"start":{"line":91,"column":8},"end":{"line":95,"column":10}},"30":{"start":{"line":99,"column":29},"end":{"line":101,"column":42}},"31":{"start":{"line":100,"column":23},"end":{"line":100,"column":34}},"32":{"start":{"line":101,"column":24},"end":{"line":101,"column":41}},"33":{"start":{"line":103,"column":31},"end":{"line":106,"column":7}},"34":{"start":{"line":104,"column":20},"end":{"line":104,"column":33}},"35":{"start":{"line":108,"column":6},"end":{"line":116,"column":8}},"36":{"start":{"line":121,"column":6},"end":{"line":124,"column":8}},"37":{"start":{"line":133,"column":23},"end":{"line":133,"column":118}},"38":{"start":{"line":138,"column":6},"end":{"line":155,"column":7}},"39":{"start":{"line":143,"column":8},"end":{"line":143,"column":51}},"40":{"start":{"line":146,"column":8},"end":{"line":149,"column":10}},"41":{"start":{"line":152,"column":8},"end":{"line":154,"column":9}},"42":{"start":{"line":153,"column":10},"end":{"line":153,"column":73}},"43":{"start":{"line":157,"column":6},"end":{"line":159,"column":7}},"44":{"start":{"line":158,"column":8},"end":{"line":158,"column":30}},"45":{"start":{"line":163,"column":6},"end":{"line":168,"column":8}},"46":{"start":{"line":172,"column":6},"end":{"line":175,"column":8}},"47":{"start":{"line":183,"column":0},"end":{"line":316,"column":2}},"48":{"start":{"line":184,"column":2},"end":{"line":315,"column":3}},"49":{"start":{"line":185,"column":24},"end":{"line":185,"column":32}},"50":{"start":{"line":188,"column":23},"end":{"line":188,"column":58}},"51":{"start":{"line":189,"column":4},"end":{"line":193,"column":5}},"52":{"start":{"line":190,"column":6},"end":{"line":192,"column":9}},"53":{"start":{"line":196,"column":4},"end":{"line":200,"column":5}},"54":{"start":{"line":197,"column":6},"end":{"line":199,"column":9}},"55":{"start":{"line":203,"column":4},"end":{"line":203,"column":60}},"56":{"start":{"line":206,"column":20},"end":{"line":206,"column":75}},"57":{"start":{"line":209,"column":17},"end":{"line":209,"column":71}},"58":{"start":{"line":211,"column":4},"end":{"line":215,"column":5}},"59":{"start":{"line":212,"column":6},"end":{"line":214,"column":9}},"60":{"start":{"line":218,"column":28},"end":{"line":218,"column":32}},"61":{"start":{"line":222,"column":28},"end":{"line":222,"column":30}},"62":{"start":{"line":223,"column":20},"end":{"line":223,"column":21}},"63":{"start":{"line":225,"column":4},"end":{"line":281,"column":5}},"64":{"start":{"line":230,"column":6},"end":{"line":230,"column":18}},"65":{"start":{"line":233,"column":30},"end":{"line":244,"column":7}},"66":{"start":{"line":234,"column":50},"end":{"line":243,"column":9}},"67":{"start":{"line":248,"column":31},"end":{"line":267,"column":8}},"68":{"start":{"line":249,"column":8},"end":{"line":265,"column":9}},"69":{"start":{"line":254,"column":10},"end":{"line":254,"column":45}},"70":{"start":{"line":255,"column":10},"end":{"line":264,"column":12}},"71":{"start":{"line":266,"column":8},"end":{"line":266,"column":18}},"72":{"start":{"line":270,"column":6},"end":{"line":274,"column":8}},"73":{"start":{"line":276,"column":6},"end":{"line":280,"column":7}},"74":{"start":{"line":277,"column":8},"end":{"line":279,"column":11}},"75":{"start":{"line":284,"column":25},"end":{"line":284,"column":70}},"76":{"start":{"line":287,"column":4},"end":{"line":290,"column":6}},"77":{"start":{"line":293,"column":4},"end":{"line":296,"column":6}},"78":{"start":{"line":299,"column":28},"end":{"line":302,"column":5}},"79":{"start":{"line":304,"column":4},"end":{"line":306,"column":5}},"80":{"start":{"line":305,"column":6},"end":{"line":305,"column":56}},"81":{"start":{"line":308,"column":4},"end":{"line":308,"column":30}},"82":{"start":{"line":310,"column":4},"end":{"line":310,"column":54}},"83":{"start":{"line":311,"column":4},"end":{"line":314,"column":7}},"84":{"start":{"line":322,"column":0},"end":{"line":337,"column":2}},"85":{"start":{"line":323,"column":2},"end":{"line":336,"column":3}},"86":{"start":{"line":324,"column":4},"end":{"line":324,"column":62}},"87":{"start":{"line":325,"column":4},"end":{"line":325,"column":36}},"88":{"start":{"line":327,"column":4},"end":{"line":330,"column":7}},"89":{"start":{"line":332,"column":4},"end":{"line":332,"column":65}},"90":{"start":{"line":333,"column":4},"end":{"line":335,"column":7}},"91":{"start":{"line":343,"column":0},"end":{"line":357,"column":2}},"92":{"start":{"line":344,"column":2},"end":{"line":356,"column":3}},"93":{"start":{"line":345,"column":18},"end":{"line":345,"column":71}},"94":{"start":{"line":347,"column":4},"end":{"line":350,"column":7}},"95":{"start":{"line":352,"column":4},"end":{"line":352,"column":62}},"96":{"start":{"line":353,"column":4},"end":{"line":355,"column":7}}},"fnMap":{"0":{"name":"(anonymous_0)","decl":{"start":{"line":19,"column":23},"end":{"line":19,"column":24}},"loc":{"start":{"line":19,"column":37},"end":{"line":27,"column":1}},"line":19},"1":{"name":"executeFunction","decl":{"start":{"line":36,"column":15},"end":{"line":36,"column":30}},"loc":{"start":{"line":36,"column":68},"end":{"line":177,"column":1}},"line":36},"2":{"name":"(anonymous_2)","decl":{"start":{"line":86,"column":42},"end":{"line":86,"column":43}},"loc":{"start":{"line":86,"column":53},"end":{"line":96,"column":7}},"line":86},"3":{"name":"(anonymous_3)","decl":{"start":{"line":100,"column":16},"end":{"line":100,"column":17}},"loc":{"start":{"line":100,"column":23},"end":{"line":100,"column":34}},"line":100},"4":{"name":"(anonymous_4)","decl":{"start":{"line":101,"column":14},"end":{"line":101,"column":15}},"loc":{"start":{"line":101,"column":24},"end":{"line":101,"column":41}},"line":101},"5":{"name":"(anonymous_5)","decl":{"start":{"line":104,"column":8},"end":{"line":104,"column":9}},"loc":{"start":{"line":104,"column":20},"end":{"line":104,"column":33}},"line":104},"6":{"name":"(anonymous_6)","decl":{"start":{"line":183,"column":22},"end":{"line":183,"column":23}},"loc":{"start":{"line":183,"column":42},"end":{"line":316,"column":1}},"line":183},"7":{"name":"(anonymous_7)","decl":{"start":{"line":234,"column":33},"end":{"line":234,"column":34}},"loc":{"start":{"line":234,"column":50},"end":{"line":243,"column":9}},"line":234},"8":{"name":"(anonymous_8)","decl":{"start":{"line":248,"column":51},"end":{"line":248,"column":52}},"loc":{"start":{"line":248,"column":59},"end":{"line":267,"column":7}},"line":248},"9":{"name":"(anonymous_9)","decl":{"start":{"line":322,"column":30},"end":{"line":322,"column":31}},"loc":{"start":{"line":322,"column":44},"end":{"line":337,"column":1}},"line":322},"10":{"name":"(anonymous_10)","decl":{"start":{"line":343,"column":26},"end":{"line":343,"column":27}},"loc":{"start":{"line":343,"column":40},"end":{"line":357,"column":1}},"line":343}},"branchMap":{"0":{"loc":{"start":{"line":37,"column":2},"end":{"line":176,"column":3}},"type":"switch","locations":[{"start":{"line":39,"column":4},"end":{"line":43,"column":5}},{"start":{"line":44,"column":4},"end":{"line":47,"column":5}},{"start":{"line":48,"column":4},"end":{"line":50,"column":5}},{"start":{"line":51,"column":4},"end":{"line":53,"column":5}},{"start":{"line":56,"column":4},"end":{"line":58,"column":5}},{"start":{"line":59,"column":4},"end":{"line":61,"column":5}},{"start":{"line":64,"column":4},"end":{"line":117,"column":5}},{"start":{"line":120,"column":4},"end":{"line":125,"column":5}},{"start":{"line":128,"column":4},"end":{"line":169,"column":5}},{"start":{"line":171,"column":4},"end":{"line":175,"column":8}}],"line":37},"1":{"loc":{"start":{"line":68,"column":6},"end":{"line":74,"column":7}},"type":"if","locations":[{"start":{"line":68,"column":6},"end":{"line":74,"column":7}},{"start":{},"end":{}}],"line":68},"2":{"loc":{"start":{"line":133,"column":27},"end":{"line":133,"column":47}},"type":"binary-expr","locations":[{"start":{"line":133,"column":27},"end":{"line":133,"column":41}},{"start":{"line":133,"column":45},"end":{"line":133,"column":47}}],"line":133},"3":{"loc":{"start":{"line":133,"column":75},"end":{"line":133,"column":94}},"type":"binary-expr","locations":[{"start":{"line":133,"column":75},"end":{"line":133,"column":88}},{"start":{"line":133,"column":92},"end":{"line":133,"column":94}}],"line":133},"4":{"loc":{"start":{"line":138,"column":6},"end":{"line":155,"column":7}},"type":"if","locations":[{"start":{"line":138,"column":6},"end":{"line":155,"column":7}},{"start":{"line":144,"column":13},"end":{"line":155,"column":7}}],"line":138},"5":{"loc":{"start":{"line":139,"column":8},"end":{"line":141,"column":45}},"type":"binary-expr","locations":[{"start":{"line":139,"column":8},"end":{"line":139,"column":15}},{"start":{"line":140,"column":8},"end":{"line":140,"column":28}},{"start":{"line":141,"column":8},"end":{"line":141,"column":45}}],"line":139},"6":{"loc":{"start":{"line":152,"column":8},"end":{"line":154,"column":9}},"type":"if","locations":[{"start":{"line":152,"column":8},"end":{"line":154,"column":9}},{"start":{},"end":{}}],"line":152},"7":{"loc":{"start":{"line":152,"column":12},"end":{"line":152,"column":45}},"type":"binary-expr","locations":[{"start":{"line":152,"column":12},"end":{"line":152,"column":34}},{"start":{"line":152,"column":38},"end":{"line":152,"column":45}}],"line":152},"8":{"loc":{"start":{"line":157,"column":6},"end":{"line":159,"column":7}},"type":"if","locations":[{"start":{"line":157,"column":6},"end":{"line":159,"column":7}},{"start":{},"end":{}}],"line":157},"9":{"loc":{"start":{"line":189,"column":4},"end":{"line":193,"column":5}},"type":"if","locations":[{"start":{"line":189,"column":4},"end":{"line":193,"column":5}},{"start":{},"end":{}}],"line":189},"10":{"loc":{"start":{"line":196,"column":4},"end":{"line":200,"column":5}},"type":"if","locations":[{"start":{"line":196,"column":4},"end":{"line":200,"column":5}},{"start":{},"end":{}}],"line":196},"11":{"loc":{"start":{"line":211,"column":4},"end":{"line":215,"column":5}},"type":"if","locations":[{"start":{"line":211,"column":4},"end":{"line":215,"column":5}},{"start":{},"end":{}}],"line":211},"12":{"loc":{"start":{"line":226,"column":6},"end":{"line":228,"column":33}},"type":"binary-expr","locations":[{"start":{"line":226,"column":6},"end":{"line":226,"column":38}},{"start":{"line":227,"column":6},"end":{"line":227,"column":26}},{"start":{"line":228,"column":6},"end":{"line":228,"column":33}}],"line":226},"13":{"loc":{"start":{"line":249,"column":8},"end":{"line":265,"column":9}},"type":"if","locations":[{"start":{"line":249,"column":8},"end":{"line":265,"column":9}},{"start":{},"end":{}}],"line":249},"14":{"loc":{"start":{"line":250,"column":10},"end":{"line":252,"column":24}},"type":"binary-expr","locations":[{"start":{"line":250,"column":10},"end":{"line":250,"column":46}},{"start":{"line":251,"column":10},"end":{"line":251,"column":27}},{"start":{"line":252,"column":10},"end":{"line":252,"column":24}}],"line":250},"15":{"loc":{"start":{"line":276,"column":6},"end":{"line":280,"column":7}},"type":"if","locations":[{"start":{"line":276,"column":6},"end":{"line":280,"column":7}},{"start":{},"end":{}}],"line":276},"16":{"loc":{"start":{"line":304,"column":4},"end":{"line":306,"column":5}},"type":"if","locations":[{"start":{"line":304,"column":4},"end":{"line":306,"column":5}},{"start":{},"end":{}}],"line":304}},"s":{"0":1,"1":1,"2":1,"3":1,"4":1,"5":1,"6":1,"7":1,"8":1,"9":1,"10":1,"11":1,"12":1,"13":5,"14":0,"15":0,"16":0,"17":0,"18":2,"19":0,"20":1,"21":1,"22":0,"23":0,"24":0,"25":0,"26":0,"27":0,"28":0,"29":0,"30":0,"31":0,"32":0,"33":0,"34":0,"35":0,"36":0,"37":1,"38":1,"39":0,"40":1,"41":1,"42":1,"43":1,"44":0,"45":1,"46":0,"47":1,"48":9,"49":9,"50":9,"51":9,"52":1,"53":8,"54":1,"55":7,"56":6,"57":6,"58":6,"59":1,"60":5,"61":5,"62":5,"63":5,"64":5,"65":5,"66":5,"67":5,"68":5,"69":1,"70":1,"71":4,"72":5,"73":5,"74":1,"75":4,"76":4,"77":4,"78":4,"79":4,"80":1,"81":4,"82":1,"83":1,"84":1,"85":2,"86":2,"87":1,"88":1,"89":1,"90":1,"91":1,"92":2,"93":2,"94":1,"95":1,"96":1},"f":{"0":1,"1":5,"2":0,"3":0,"4":0,"5":0,"6":9,"7":5,"8":5,"9":2,"10":2},"b":{"0":[0,0,2,0,1,1,0,0,1,0],"1":[0,0],"2":[1,0],"3":[1,0],"4":[0,1],"5":[1,1,0],"6":[1,0],"7":[1,1],"8":[0,1],"9":[1,8],"10":[1,7],"11":[1,5],"12":[9,5,5],"13":[1,4],"14":[5,1,1],"15":[1,4],"16":[1,3]},"_coverageSchema":"1a1c01bbd47fc00a2c39e90264f33305004495a9","hash":"999cbb71d7439932a31bc7db32f5f25da615d61c"}
,"/Users/navodanilakshi/Documents/book-app/middleware/auth.js": {"path":"/Users/navodanilakshi/Documents/book-app/middleware/auth.js","statementMap":{"0":{"start":{"line":11,"column":2},"end":{"line":13,"column":3}},"1":{"start":{"line":12,"column":4},"end":{"line":12,"column":34}},"2":{"start":{"line":15,"column":2},"end":{"line":15,"column":36}},"3":{"start":{"line":16,"column":2},"end":{"line":16,"column":9}},"4":{"start":{"line":25,"column":2},"end":{"line":27,"column":3}},"5":{"start":{"line":26,"column":4},"end":{"line":26,"column":29}},"6":{"start":{"line":28,"column":2},"end":{"line":28,"column":9}},"7":{"start":{"line":31,"column":0},"end":{"line":34,"column":2}}},"fnMap":{"0":{"name":"requireAuth","decl":{"start":{"line":10,"column":9},"end":{"line":10,"column":20}},"loc":{"start":{"line":10,"column":37},"end":{"line":17,"column":1}},"line":10},"1":{"name":"redirectIfAuth","decl":{"start":{"line":24,"column":9},"end":{"line":24,"column":23}},"loc":{"start":{"line":24,"column":40},"end":{"line":29,"column":1}},"line":24}},"branchMap":{"0":{"loc":{"start":{"line":11,"column":2},"end":{"line":13,"column":3}},"type":"if","locations":[{"start":{"line":11,"column":2},"end":{"line":13,"column":3}},{"start":{},"end":{}}],"line":11},"1":{"loc":{"start":{"line":25,"column":2},"end":{"line":27,"column":3}},"type":"if","locations":[{"start":{"line":25,"column":2},"end":{"line":27,"column":3}},{"start":{},"end":{}}],"line":25}},"s":{"0":2,"1":1,"2":1,"3":1,"4":2,"5":1,"6":1,"7":1},"f":{"0":2,"1":2},"b":{"0":[1,1],"1":[1,1]},"_coverageSchema":"1a1c01bbd47fc00a2c39e90264f33305004495a9","hash":"fe0a8197ba5aefc076170de29ad3a9add75b4c71"}
,"/Users/navodanilakshi/Documents/book-app/models/User.js": {"path":"/Users/navodanilakshi/Documents/book-app/models/User.js","statementMap":{"0":{"start":{"line":6,"column":17},"end":{"line":6,"column":36}},"1":{"start":{"line":8,"column":2},"end":{"line":9,"column":36}},"2":{"start":{"line":14,"column":23},"end":{"line":30,"column":1}},"3":{"start":{"line":35,"column":19},"end":{"line":49,"column":2}},"4":{"start":{"line":56,"column":0},"end":{"line":62,"column":3}},"5":{"start":{"line":64,"column":13},"end":{"line":64,"column":47}},"6":{"start":{"line":66,"column":0},"end":{"line":66,"column":22}}},"fnMap":{},"branchMap":{"0":{"loc":{"start":{"line":8,"column":2},"end":{"line":9,"column":36}},"type":"binary-expr","locations":[{"start":{"line":8,"column":2},"end":{"line":8,"column":44}},{"start":{"line":9,"column":2},"end":{"line":9,"column":36}}],"line":8}},"s":{"0":2,"1":2,"2":2,"3":2,"4":2,"5":2,"6":2},"f":{},"b":{"0":[2,0]},"_coverageSchema":"1a1c01bbd47fc00a2c39e90264f33305004495a9","hash":"5d8bdde0964c0338c42fee6fdf847f09ea2c930a"}
,"/Users/navodanilakshi/Documents/book-app/services/aiService.js": {"path":"/Users/navodanilakshi/Documents/book-app/services/aiService.js","statementMap":{"0":{"start":{"line":1,"column":18},"end":{"line":1,"column":46}},"1":{"start":{"line":2,"column":15},"end":{"line":2,"column":45}},"2":{"start":{"line":4,"column":18},"end":{"line":6,"column":2}},"3":{"start":{"line":8,"column":27},"end":{"line":61,"column":133}},"4":{"start":{"line":66,"column":27},"end":{"line":121,"column":1}},"5":{"start":{"line":126,"column":30},"end":{"line":185,"column":1}},"6":{"start":{"line":190,"column":32},"end":{"line":212,"column":1}},"7":{"start":{"line":217,"column":32},"end":{"line":244,"column":1}},"8":{"start":{"line":249,"column":18},"end":{"line":254,"column":1}},"9":{"start":{"line":264,"column":2},"end":{"line":337,"column":3}},"10":{"start":{"line":266,"column":4},"end":{"line":268,"column":5}},"11":{"start":{"line":267,"column":6},"end":{"line":267,"column":48}},"12":{"start":{"line":270,"column":4},"end":{"line":272,"column":5}},"13":{"start":{"line":271,"column":6},"end":{"line":271,"column":61}},"14":{"start":{"line":275,"column":21},"end":{"line":278,"column":5}},"15":{"start":{"line":281,"column":21},"end":{"line":288,"column":6}},"16":{"start":{"line":291,"column":26},"end":{"line":293,"column":5}},"17":{"start":{"line":292,"column":17},"end":{"line":292,"column":42}},"18":{"start":{"line":295,"column":4},"end":{"line":311,"column":5}},"19":{"start":{"line":297,"column":6},"end":{"line":310,"column":8}},"20":{"start":{"line":300,"column":53},"end":{"line":304,"column":9}},"21":{"start":{"line":314,"column":24},"end":{"line":317,"column":17}},"22":{"start":{"line":315,"column":25},"end":{"line":315,"column":46}},"23":{"start":{"line":316,"column":22},"end":{"line":316,"column":32}},"24":{"start":{"line":321,"column":27},"end":{"line":325,"column":5}},"25":{"start":{"line":327,"column":4},"end":{"line":331,"column":6}},"26":{"start":{"line":333,"column":4},"end":{"line":333,"column":60}},"27":{"start":{"line":334,"column":4},"end":{"line":336,"column":6}},"28":{"start":{"line":354,"column":2},"end":{"line":430,"column":3}},"29":{"start":{"line":356,"column":29},"end":{"line":356,"column":53}},"30":{"start":{"line":359,"column":30},"end":{"line":363,"column":7}},"31":{"start":{"line":359,"column":63},"end":{"line":363,"column":5}},"32":{"start":{"line":366,"column":21},"end":{"line":370,"column":5}},"33":{"start":{"line":373,"column":21},"end":{"line":380,"column":6}},"34":{"start":{"line":383,"column":26},"end":{"line":385,"column":5}},"35":{"start":{"line":384,"column":17},"end":{"line":384,"column":42}},"36":{"start":{"line":387,"column":4},"end":{"line":404,"column":5}},"37":{"start":{"line":389,"column":6},"end":{"line":403,"column":8}},"38":{"start":{"line":392,"column":53},"end":{"line":396,"column":9}},"39":{"start":{"line":407,"column":24},"end":{"line":410,"column":17}},"40":{"start":{"line":408,"column":25},"end":{"line":408,"column":46}},"41":{"start":{"line":409,"column":22},"end":{"line":409,"column":32}},"42":{"start":{"line":413,"column":27},"end":{"line":418,"column":5}},"43":{"start":{"line":420,"column":4},"end":{"line":424,"column":6}},"44":{"start":{"line":426,"column":4},"end":{"line":426,"column":67}},"45":{"start":{"line":427,"column":4},"end":{"line":429,"column":6}},"46":{"start":{"line":433,"column":0},"end":{"line":436,"column":2}}},"fnMap":{"0":{"name":"generateChatResponse","decl":{"start":{"line":263,"column":15},"end":{"line":263,"column":35}},"loc":{"start":{"line":263,"column":71},"end":{"line":338,"column":1}},"line":263},"1":{"name":"(anonymous_1)","decl":{"start":{"line":292,"column":6},"end":{"line":292,"column":7}},"loc":{"start":{"line":292,"column":17},"end":{"line":292,"column":42}},"line":292},"2":{"name":"(anonymous_2)","decl":{"start":{"line":300,"column":41},"end":{"line":300,"column":42}},"loc":{"start":{"line":300,"column":53},"end":{"line":304,"column":9}},"line":300},"3":{"name":"(anonymous_3)","decl":{"start":{"line":315,"column":14},"end":{"line":315,"column":15}},"loc":{"start":{"line":315,"column":25},"end":{"line":315,"column":46}},"line":315},"4":{"name":"(anonymous_4)","decl":{"start":{"line":316,"column":11},"end":{"line":316,"column":12}},"loc":{"start":{"line":316,"column":22},"end":{"line":316,"column":32}},"line":316},"5":{"name":"continueAfterFunctionExecution","decl":{"start":{"line":349,"column":15},"end":{"line":349,"column":45}},"loc":{"start":{"line":353,"column":2},"end":{"line":431,"column":1}},"line":353},"6":{"name":"(anonymous_6)","decl":{"start":{"line":359,"column":50},"end":{"line":359,"column":51}},"loc":{"start":{"line":359,"column":63},"end":{"line":363,"column":5}},"line":359},"7":{"name":"(anonymous_7)","decl":{"start":{"line":384,"column":6},"end":{"line":384,"column":7}},"loc":{"start":{"line":384,"column":17},"end":{"line":384,"column":42}},"line":384},"8":{"name":"(anonymous_8)","decl":{"start":{"line":392,"column":41},"end":{"line":392,"column":42}},"loc":{"start":{"line":392,"column":53},"end":{"line":396,"column":9}},"line":392},"9":{"name":"(anonymous_9)","decl":{"start":{"line":408,"column":14},"end":{"line":408,"column":15}},"loc":{"start":{"line":408,"column":25},"end":{"line":408,"column":46}},"line":408},"10":{"name":"(anonymous_10)","decl":{"start":{"line":409,"column":11},"end":{"line":409,"column":12}},"loc":{"start":{"line":409,"column":22},"end":{"line":409,"column":32}},"line":409}},"branchMap":{"0":{"loc":{"start":{"line":263,"column":45},"end":{"line":263,"column":69}},"type":"default-arg","locations":[{"start":{"line":263,"column":67},"end":{"line":263,"column":69}}],"line":263},"1":{"loc":{"start":{"line":266,"column":4},"end":{"line":268,"column":5}},"type":"if","locations":[{"start":{"line":266,"column":4},"end":{"line":268,"column":5}},{"start":{},"end":{}}],"line":266},"2":{"loc":{"start":{"line":266,"column":8},"end":{"line":266,"column":47}},"type":"binary-expr","locations":[{"start":{"line":266,"column":8},"end":{"line":266,"column":16}},{"start":{"line":266,"column":20},"end":{"line":266,"column":47}}],"line":266},"3":{"loc":{"start":{"line":270,"column":4},"end":{"line":272,"column":5}},"type":"if","locations":[{"start":{"line":270,"column":4},"end":{"line":272,"column":5}},{"start":{},"end":{}}],"line":270},"4":{"loc":{"start":{"line":295,"column":4},"end":{"line":311,"column":5}},"type":"if","locations":[{"start":{"line":295,"column":4},"end":{"line":311,"column":5}},{"start":{},"end":{}}],"line":295},"5":{"loc":{"start":{"line":335,"column":13},"end":{"line":335,"column":78}},"type":"binary-expr","locations":[{"start":{"line":335,"column":13},"end":{"line":335,"column":26}},{"start":{"line":335,"column":30},"end":{"line":335,"column":78}}],"line":335},"6":{"loc":{"start":{"line":387,"column":4},"end":{"line":404,"column":5}},"type":"if","locations":[{"start":{"line":387,"column":4},"end":{"line":404,"column":5}},{"start":{},"end":{}}],"line":387},"7":{"loc":{"start":{"line":428,"column":13},"end":{"line":428,"column":78}},"type":"binary-expr","locations":[{"start":{"line":428,"column":13},"end":{"line":428,"column":26}},{"start":{"line":428,"column":30},"end":{"line":428,"column":78}}],"line":428}},"s":{"0":2,"1":2,"2":2,"3":2,"4":2,"5":2,"6":2,"7":2,"8":2,"9":15,"10":15,"11":3,"12":12,"13":1,"14":11,"15":11,"16":7,"17":8,"18":7,"19":1,"20":1,"21":6,"22":6,"23":5,"24":6,"25":6,"26":8,"27":8,"28":7,"29":7,"30":7,"31":4,"32":7,"33":7,"34":4,"35":3,"36":4,"37":1,"38":1,"39":3,"40":2,"41":2,"42":3,"43":3,"44":3,"45":3,"46":2},"f":{"0":15,"1":8,"2":1,"3":6,"4":5,"5":7,"6":4,"7":3,"8":1,"9":2,"10":2},"b":{"0":[1],"1":[3,12],"2":[15,13],"3":[1,11],"4":[1,6],"5":[8,1],"6":[1,3],"7":[3,1]},"_coverageSchema":"1a1c01bbd47fc00a2c39e90264f33305004495a9","hash":"785c3a617a15f1d04857635ae0b607ce4404d287"}
,"/Users/navodanilakshi/Documents/book-app/services/analysisService.js": {"path":"/Users/navodanilakshi/Documents/book-app/services/analysisService.js","statementMap":{"0":{"start":{"line":7,"column":18},"end":{"line":7,"column":46}},"1":{"start":{"line":8,"column":19},"end":{"line":8,"column":47}},"2":{"start":{"line":9,"column":15},"end":{"line":9,"column":45}},"3":{"start":{"line":10,"column":25},"end":{"line":10,"column":54}},"4":{"start":{"line":12,"column":18},"end":{"line":14,"column":2}},"5":{"start":{"line":16,"column":30},"end":{"line":25,"column":80}},"6":{"start":{"line":27,"column":29},"end":{"line":34,"column":205}},"7":{"start":{"line":46,"column":23},"end":{"line":46,"column":27}},"8":{"start":{"line":48,"column":2},"end":{"line":172,"column":3}},"9":{"start":{"line":49,"column":23},"end":{"line":49,"column":72}},"10":{"start":{"line":51,"column":4},"end":{"line":57,"column":5}},"11":{"start":{"line":52,"column":6},"end":{"line":56,"column":8}},"12":{"start":{"line":62,"column":25},"end":{"line":69,"column":6}},"13":{"start":{"line":70,"column":4},"end":{"line":70,"column":37}},"14":{"start":{"line":72,"column":24},"end":{"line":85,"column":5}},"15":{"start":{"line":87,"column":21},"end":{"line":87,"column":61}},"16":{"start":{"line":89,"column":19},"end":{"line":96,"column":6}},"17":{"start":{"line":98,"column":24},"end":{"line":98,"column":26}},"18":{"start":{"line":99,"column":4},"end":{"line":101,"column":6}},"19":{"start":{"line":100,"column":44},"end":{"line":100,"column":65}},"20":{"start":{"line":103,"column":30},"end":{"line":103,"column":31}},"21":{"start":{"line":104,"column":24},"end":{"line":104,"column":25}},"22":{"start":{"line":106,"column":4},"end":{"line":133,"column":5}},"23":{"start":{"line":110,"column":6},"end":{"line":110,"column":22}},"24":{"start":{"line":112,"column":6},"end":{"line":112,"column":70}},"25":{"start":{"line":113,"column":6},"end":{"line":113,"column":74}},"26":{"start":{"line":115,"column":21},"end":{"line":122,"column":7}},"27":{"start":{"line":124,"column":6},"end":{"line":126,"column":7}},"28":{"start":{"line":125,"column":8},"end":{"line":125,"column":49}},"29":{"start":{"line":128,"column":6},"end":{"line":128,"column":62}},"30":{"start":{"line":130,"column":6},"end":{"line":132,"column":8}},"31":{"start":{"line":131,"column":46},"end":{"line":131,"column":67}},"32":{"start":{"line":135,"column":19},"end":{"line":135,"column":70}},"33":{"start":{"line":135,"column":48},"end":{"line":135,"column":58}},"34":{"start":{"line":137,"column":4},"end":{"line":143,"column":5}},"35":{"start":{"line":138,"column":6},"end":{"line":142,"column":8}},"36":{"start":{"line":145,"column":4},"end":{"line":150,"column":6}},"37":{"start":{"line":152,"column":4},"end":{"line":152,"column":61}},"38":{"start":{"line":153,"column":4},"end":{"line":157,"column":6}},"39":{"start":{"line":160,"column":4},"end":{"line":171,"column":5}},"40":{"start":{"line":161,"column":6},"end":{"line":170,"column":7}},"41":{"start":{"line":162,"column":8},"end":{"line":164,"column":11}},"42":{"start":{"line":166,"column":8},"end":{"line":169,"column":10}},"43":{"start":{"line":184,"column":18},"end":{"line":184,"column":20}},"44":{"start":{"line":186,"column":2},"end":{"line":217,"column":3}},"45":{"start":{"line":187,"column":4},"end":{"line":189,"column":5}},"46":{"start":{"line":188,"column":6},"end":{"line":188,"column":31}},"47":{"start":{"line":192,"column":4},"end":{"line":202,"column":5}},"48":{"start":{"line":193,"column":6},"end":{"line":195,"column":7}},"49":{"start":{"line":194,"column":8},"end":{"line":194,"column":43}},"50":{"start":{"line":196,"column":6},"end":{"line":201,"column":7}},"51":{"start":{"line":197,"column":8},"end":{"line":200,"column":9}},"52":{"start":{"line":198,"column":10},"end":{"line":198,"column":49}},"53":{"start":{"line":198,"column":25},"end":{"line":198,"column":49}},"54":{"start":{"line":199,"column":10},"end":{"line":199,"column":53}},"55":{"start":{"line":199,"column":27},"end":{"line":199,"column":53}},"56":{"start":{"line":204,"column":4},"end":{"line":216,"column":5}},"57":{"start":{"line":205,"column":6},"end":{"line":215,"column":7}},"58":{"start":{"line":206,"column":8},"end":{"line":214,"column":9}},"59":{"start":{"line":207,"column":10},"end":{"line":207,"column":29}},"60":{"start":{"line":208,"column":15},"end":{"line":214,"column":9}},"61":{"start":{"line":209,"column":10},"end":{"line":209,"column":34}},"62":{"start":{"line":210,"column":15},"end":{"line":214,"column":9}},"63":{"start":{"line":211,"column":10},"end":{"line":211,"column":36}},"64":{"start":{"line":212,"column":15},"end":{"line":214,"column":9}},"65":{"start":{"line":213,"column":10},"end":{"line":213,"column":36}},"66":{"start":{"line":219,"column":19},"end":{"line":219,"column":37}},"67":{"start":{"line":222,"column":22},"end":{"line":224,"column":3}},"68":{"start":{"line":225,"column":2},"end":{"line":225,"column":48}},"69":{"start":{"line":225,"column":19},"end":{"line":225,"column":48}},"70":{"start":{"line":228,"column":20},"end":{"line":228,"column":70}},"71":{"start":{"line":229,"column":2},"end":{"line":229,"column":44}},"72":{"start":{"line":229,"column":17},"end":{"line":229,"column":44}},"73":{"start":{"line":232,"column":25},"end":{"line":234,"column":3}},"74":{"start":{"line":235,"column":2},"end":{"line":235,"column":54}},"75":{"start":{"line":235,"column":22},"end":{"line":235,"column":54}},"76":{"start":{"line":237,"column":2},"end":{"line":237,"column":14}},"77":{"start":{"line":257,"column":2},"end":{"line":335,"column":3}},"78":{"start":{"line":258,"column":21},"end":{"line":270,"column":5}},"79":{"start":{"line":272,"column":19},"end":{"line":279,"column":6}},"80":{"start":{"line":281,"column":15},"end":{"line":281,"column":48}},"81":{"start":{"line":284,"column":30},"end":{"line":284,"column":31}},"82":{"start":{"line":285,"column":24},"end":{"line":285,"column":25}},"83":{"start":{"line":287,"column":4},"end":{"line":316,"column":5}},"84":{"start":{"line":292,"column":6},"end":{"line":292,"column":22}},"85":{"start":{"line":294,"column":6},"end":{"line":294,"column":70}},"86":{"start":{"line":295,"column":6},"end":{"line":299,"column":9}},"87":{"start":{"line":301,"column":21},"end":{"line":308,"column":7}},"88":{"start":{"line":310,"column":6},"end":{"line":312,"column":7}},"89":{"start":{"line":311,"column":8},"end":{"line":311,"column":49}},"90":{"start":{"line":314,"column":6},"end":{"line":314,"column":62}},"91":{"start":{"line":315,"column":6},"end":{"line":315,"column":47}},"92":{"start":{"line":318,"column":4},"end":{"line":320,"column":5}},"93":{"start":{"line":319,"column":6},"end":{"line":319,"column":81}},"94":{"start":{"line":322,"column":4},"end":{"line":327,"column":6}},"95":{"start":{"line":329,"column":4},"end":{"line":329,"column":60}},"96":{"start":{"line":330,"column":4},"end":{"line":334,"column":6}},"97":{"start":{"line":338,"column":0},"end":{"line":341,"column":2}}},"fnMap":{"0":{"name":"analyzeBookStatistics","decl":{"start":{"line":45,"column":15},"end":{"line":45,"column":36}},"loc":{"start":{"line":45,"column":58},"end":{"line":173,"column":1}},"line":45},"1":{"name":"(anonymous_1)","decl":{"start":{"line":100,"column":33},"end":{"line":100,"column":34}},"loc":{"start":{"line":100,"column":44},"end":{"line":100,"column":65}},"line":100},"2":{"name":"(anonymous_2)","decl":{"start":{"line":131,"column":35},"end":{"line":131,"column":36}},"loc":{"start":{"line":131,"column":46},"end":{"line":131,"column":67}},"line":131},"3":{"name":"(anonymous_3)","decl":{"start":{"line":135,"column":37},"end":{"line":135,"column":38}},"loc":{"start":{"line":135,"column":48},"end":{"line":135,"column":58}},"line":135},"4":{"name":"extractHtmlFromResponse","decl":{"start":{"line":183,"column":9},"end":{"line":183,"column":32}},"loc":{"start":{"line":183,"column":43},"end":{"line":238,"column":1}},"line":183},"5":{"name":"generateVisualization","decl":{"start":{"line":251,"column":15},"end":{"line":251,"column":36}},"loc":{"start":{"line":256,"column":2},"end":{"line":336,"column":1}},"line":256}},"branchMap":{"0":{"loc":{"start":{"line":51,"column":4},"end":{"line":57,"column":5}},"type":"if","locations":[{"start":{"line":51,"column":4},"end":{"line":57,"column":5}},{"start":{},"end":{}}],"line":51},"1":{"loc":{"start":{"line":107,"column":6},"end":{"line":108,"column":39}},"type":"binary-expr","locations":[{"start":{"line":107,"column":6},"end":{"line":107,"column":43}},{"start":{"line":108,"column":6},"end":{"line":108,"column":39}}],"line":107},"2":{"loc":{"start":{"line":124,"column":6},"end":{"line":126,"column":7}},"type":"if","locations":[{"start":{"line":124,"column":6},"end":{"line":126,"column":7}},{"start":{},"end":{}}],"line":124},"3":{"loc":{"start":{"line":137,"column":4},"end":{"line":143,"column":5}},"type":"if","locations":[{"start":{"line":137,"column":4},"end":{"line":143,"column":5}},{"start":{},"end":{}}],"line":137},"4":{"loc":{"start":{"line":155,"column":13},"end":{"line":155,"column":65}},"type":"binary-expr","locations":[{"start":{"line":155,"column":13},"end":{"line":155,"column":26}},{"start":{"line":155,"column":30},"end":{"line":155,"column":65}}],"line":155},"5":{"loc":{"start":{"line":160,"column":4},"end":{"line":171,"column":5}},"type":"if","locations":[{"start":{"line":160,"column":4},"end":{"line":171,"column":5}},{"start":{},"end":{}}],"line":160},"6":{"loc":{"start":{"line":187,"column":4},"end":{"line":189,"column":5}},"type":"if","locations":[{"start":{"line":187,"column":4},"end":{"line":189,"column":5}},{"start":{},"end":{}}],"line":187},"7":{"loc":{"start":{"line":192,"column":4},"end":{"line":202,"column":5}},"type":"if","locations":[{"start":{"line":192,"column":4},"end":{"line":202,"column":5}},{"start":{},"end":{}}],"line":192},"8":{"loc":{"start":{"line":192,"column":8},"end":{"line":192,"column":91}},"type":"binary-expr","locations":[{"start":{"line":192,"column":8},"end":{"line":192,"column":21}},{"start":{"line":192,"column":25},"end":{"line":192,"column":58}},{"start":{"line":192,"column":62},"end":{"line":192,"column":91}}],"line":192},"9":{"loc":{"start":{"line":193,"column":6},"end":{"line":195,"column":7}},"type":"if","locations":[{"start":{"line":193,"column":6},"end":{"line":195,"column":7}},{"start":{},"end":{}}],"line":193},"10":{"loc":{"start":{"line":196,"column":6},"end":{"line":201,"column":7}},"type":"if","locations":[{"start":{"line":196,"column":6},"end":{"line":201,"column":7}},{"start":{},"end":{}}],"line":196},"11":{"loc":{"start":{"line":196,"column":10},"end":{"line":196,"column":71}},"type":"binary-expr","locations":[{"start":{"line":196,"column":10},"end":{"line":196,"column":31}},{"start":{"line":196,"column":35},"end":{"line":196,"column":71}}],"line":196},"12":{"loc":{"start":{"line":198,"column":10},"end":{"line":198,"column":49}},"type":"if","locations":[{"start":{"line":198,"column":10},"end":{"line":198,"column":49}},{"start":{},"end":{}}],"line":198},"13":{"loc":{"start":{"line":199,"column":10},"end":{"line":199,"column":53}},"type":"if","locations":[{"start":{"line":199,"column":10},"end":{"line":199,"column":53}},{"start":{},"end":{}}],"line":199},"14":{"loc":{"start":{"line":204,"column":4},"end":{"line":216,"column":5}},"type":"if","locations":[{"start":{"line":204,"column":4},"end":{"line":216,"column":5}},{"start":{},"end":{}}],"line":204},"15":{"loc":{"start":{"line":204,"column":8},"end":{"line":204,"column":53}},"type":"binary-expr","locations":[{"start":{"line":204,"column":8},"end":{"line":204,"column":21}},{"start":{"line":204,"column":25},"end":{"line":204,"column":53}}],"line":204},"16":{"loc":{"start":{"line":206,"column":8},"end":{"line":214,"column":9}},"type":"if","locations":[{"start":{"line":206,"column":8},"end":{"line":214,"column":9}},{"start":{"line":208,"column":15},"end":{"line":214,"column":9}}],"line":206},"17":{"loc":{"start":{"line":208,"column":15},"end":{"line":214,"column":9}},"type":"if","locations":[{"start":{"line":208,"column":15},"end":{"line":214,"column":9}},{"start":{"line":210,"column":15},"end":{"line":214,"column":9}}],"line":208},"18":{"loc":{"start":{"line":210,"column":15},"end":{"line":214,"column":9}},"type":"if","locations":[{"start":{"line":210,"column":15},"end":{"line":214,"column":9}},{"start":{"line":212,"column":15},"end":{"line":214,"column":9}}],"line":210},"19":{"loc":{"start":{"line":212,"column":15},"end":{"line":214,"column":9}},"type":"if","locations":[{"start":{"line":212,"column":15},"end":{"line":214,"column":9}},{"start":{},"end":{}}],"line":212},"20":{"loc":{"start":{"line":225,"column":2},"end":{"line":225,"column":48}},"type":"if","locations":[{"start":{"line":225,"column":2},"end":{"line":225,"column":48}},{"start":{},"end":{}}],"line":225},"21":{"loc":{"start":{"line":229,"column":2},"end":{"line":229,"column":44}},"type":"if","locations":[{"start":{"line":229,"column":2},"end":{"line":229,"column":44}},{"start":{},"end":{}}],"line":229},"22":{"loc":{"start":{"line":235,"column":2},"end":{"line":235,"column":54}},"type":"if","locations":[{"start":{"line":235,"column":2},"end":{"line":235,"column":54}},{"start":{},"end":{}}],"line":235},"23":{"loc":{"start":{"line":288,"column":6},"end":{"line":290,"column":39}},"type":"binary-expr","locations":[{"start":{"line":288,"column":6},"end":{"line":288,"column":11}},{"start":{"line":289,"column":6},"end":{"line":289,"column":43}},{"start":{"line":290,"column":6},"end":{"line":290,"column":39}}],"line":288},"24":{"loc":{"start":{"line":310,"column":6},"end":{"line":312,"column":7}},"type":"if","locations":[{"start":{"line":310,"column":6},"end":{"line":312,"column":7}},{"start":{},"end":{}}],"line":310},"25":{"loc":{"start":{"line":318,"column":4},"end":{"line":320,"column":5}},"type":"if","locations":[{"start":{"line":318,"column":4},"end":{"line":320,"column":5}},{"start":{},"end":{}}],"line":318},"26":{"loc":{"start":{"line":332,"column":13},"end":{"line":332,"column":64}},"type":"binary-expr","locations":[{"start":{"line":332,"column":13},"end":{"line":332,"column":26}},{"start":{"line":332,"column":30},"end":{"line":332,"column":64}}],"line":332}},"s":{"0":2,"1":2,"2":2,"3":2,"4":2,"5":2,"6":2,"7":10,"8":10,"9":10,"10":10,"11":1,"12":9,"13":8,"14":8,"15":8,"16":8,"17":6,"18":6,"19":6,"20":6,"21":6,"22":6,"23":6,"24":6,"25":6,"26":6,"27":6,"28":1,"29":6,"30":6,"31":6,"32":6,"33":11,"34":6,"35":2,"36":4,"37":3,"38":3,"39":10,"40":8,"41":8,"42":1,"43":15,"44":15,"45":16,"46":13,"47":16,"48":1,"49":1,"50":1,"51":0,"52":0,"53":0,"54":0,"55":0,"56":16,"57":1,"58":1,"59":0,"60":1,"61":0,"62":1,"63":1,"64":0,"65":0,"66":15,"67":15,"68":15,"69":4,"70":11,"71":11,"72":2,"73":9,"74":9,"75":0,"76":9,"77":10,"78":10,"79":10,"80":9,"81":9,"82":9,"83":9,"84":6,"85":6,"86":6,"87":6,"88":6,"89":2,"90":6,"91":6,"92":9,"93":3,"94":6,"95":4,"96":4,"97":2},"f":{"0":10,"1":6,"2":6,"3":11,"4":15,"5":10},"b":{"0":[1,9],"1":[12,7],"2":[1,5],"3":[2,4],"4":[3,0],"5":[8,2],"6":[13,3],"7":[1,15],"8":[16,2,2],"9":[1,0],"10":[0,1],"11":[1,0],"12":[0,0],"13":[0,0],"14":[1,15],"15":[16,2],"16":[0,1],"17":[0,1],"18":[1,0],"19":[0,0],"20":[4,11],"21":[2,9],"22":[0,9],"23":[15,9,7],"24":[2,4],"25":[3,6],"26":[4,0]},"_coverageSchema":"1a1c01bbd47fc00a2c39e90264f33305004495a9","hash":"6122c6ae8fb528440d8753b1fdfb880e7e2f8f16"}
,"/Users/navodanilakshi/Documents/book-app/services/conversationService.js": {"path":"/Users/navodanilakshi/Documents/book-app/services/conversationService.js","statementMap":{"0":{"start":{"line":11,"column":2},"end":{"line":13,"column":3}},"1":{"start":{"line":12,"column":4},"end":{"line":12,"column":37}},"2":{"start":{"line":14,"column":2},"end":{"line":14,"column":37}},"3":{"start":{"line":23,"column":2},"end":{"line":23,"column":43}},"4":{"start":{"line":32,"column":2},"end":{"line":32,"column":40}},"5":{"start":{"line":40,"column":2},"end":{"line":40,"column":35}},"6":{"start":{"line":49,"column":18},"end":{"line":49,"column":49}},"7":{"start":{"line":51,"column":23},"end":{"line":51,"column":74}},"8":{"start":{"line":51,"column":47},"end":{"line":51,"column":66}},"9":{"start":{"line":52,"column":28},"end":{"line":54,"column":10}},"10":{"start":{"line":53,"column":13},"end":{"line":53,"column":37}},"11":{"start":{"line":56,"column":2},"end":{"line":61,"column":4}},"12":{"start":{"line":71,"column":18},"end":{"line":71,"column":49}},"13":{"start":{"line":73,"column":2},"end":{"line":77,"column":3}},"14":{"start":{"line":75,"column":27},"end":{"line":75,"column":60}},"15":{"start":{"line":76,"column":4},"end":{"line":76,"column":55}},"16":{"start":{"line":80,"column":0},"end":{"line":87,"column":2}}},"fnMap":{"0":{"name":"initializeConversation","decl":{"start":{"line":10,"column":9},"end":{"line":10,"column":31}},"loc":{"start":{"line":10,"column":41},"end":{"line":15,"column":1}},"line":10},"1":{"name":"getConversationHistory","decl":{"start":{"line":22,"column":9},"end":{"line":22,"column":31}},"loc":{"start":{"line":22,"column":41},"end":{"line":24,"column":1}},"line":22},"2":{"name":"updateConversationHistory","decl":{"start":{"line":31,"column":9},"end":{"line":31,"column":34}},"loc":{"start":{"line":31,"column":53},"end":{"line":33,"column":1}},"line":31},"3":{"name":"clearConversationHistory","decl":{"start":{"line":39,"column":9},"end":{"line":39,"column":33}},"loc":{"start":{"line":39,"column":43},"end":{"line":41,"column":1}},"line":39},"4":{"name":"getConversationStats","decl":{"start":{"line":48,"column":9},"end":{"line":48,"column":29}},"loc":{"start":{"line":48,"column":39},"end":{"line":62,"column":1}},"line":48},"5":{"name":"(anonymous_5)","decl":{"start":{"line":51,"column":38},"end":{"line":51,"column":39}},"loc":{"start":{"line":51,"column":47},"end":{"line":51,"column":66}},"line":51},"6":{"name":"(anonymous_6)","decl":{"start":{"line":53,"column":4},"end":{"line":53,"column":5}},"loc":{"start":{"line":53,"column":13},"end":{"line":53,"column":37}},"line":53},"7":{"name":"trimConversationHistory","decl":{"start":{"line":70,"column":9},"end":{"line":70,"column":32}},"loc":{"start":{"line":70,"column":60},"end":{"line":78,"column":1}},"line":70}},"branchMap":{"0":{"loc":{"start":{"line":11,"column":2},"end":{"line":13,"column":3}},"type":"if","locations":[{"start":{"line":11,"column":2},"end":{"line":13,"column":3}},{"start":{},"end":{}}],"line":11},"1":{"loc":{"start":{"line":23,"column":9},"end":{"line":23,"column":42}},"type":"binary-expr","locations":[{"start":{"line":23,"column":9},"end":{"line":23,"column":36}},{"start":{"line":23,"column":40},"end":{"line":23,"column":42}}],"line":23},"2":{"loc":{"start":{"line":70,"column":42},"end":{"line":70,"column":58}},"type":"default-arg","locations":[{"start":{"line":70,"column":56},"end":{"line":70,"column":58}}],"line":70},"3":{"loc":{"start":{"line":73,"column":2},"end":{"line":77,"column":3}},"type":"if","locations":[{"start":{"line":73,"column":2},"end":{"line":77,"column":3}},{"start":{},"end":{}}],"line":73}},"s":{"0":2,"1":1,"2":2,"3":9,"4":3,"5":1,"6":3,"7":3,"8":3,"9":3,"10":3,"11":3,"12":4,"13":4,"14":2,"15":2,"16":2},"f":{"0":2,"1":9,"2":3,"3":1,"4":3,"5":3,"6":3,"7":4},"b":{"0":[1,1],"1":[9,2],"2":[1],"3":[2,2]},"_coverageSchema":"1a1c01bbd47fc00a2c39e90264f33305004495a9","hash":"4c58e56bba3c2e811e7c6c9c162e4bb291cfd66b"}
,"/Users/navodanilakshi/Documents/book-app/services/embeddingService.js": {"path":"/Users/navodanilakshi/Documents/book-app/services/embeddingService.js","statementMap":{"0":{"start":{"line":7,"column":15},"end":{"line":7,"column":32}},"1":{"start":{"line":8,"column":15},"end":{"line":8,"column":45}},"2":{"start":{"line":10,"column":15},"end":{"line":12,"column":2}},"3":{"start":{"line":21,"column":20},"end":{"line":21,"column":46}},"4":{"start":{"line":22,"column":24},"end":{"line":22,"column":26}},"5":{"start":{"line":24,"column":2},"end":{"line":37,"column":3}},"6":{"start":{"line":24,"column":15},"end":{"line":24,"column":16}},"7":{"start":{"line":25,"column":18},"end":{"line":25,"column":47}},"8":{"start":{"line":27,"column":21},"end":{"line":30,"column":6}},"9":{"start":{"line":33,"column":19},"end":{"line":33,"column":66}},"10":{"start":{"line":33,"column":48},"end":{"line":33,"column":65}},"11":{"start":{"line":34,"column":4},"end":{"line":36,"column":5}},"12":{"start":{"line":35,"column":6},"end":{"line":35,"column":41}},"13":{"start":{"line":39,"column":2},"end":{"line":39,"column":23}},"14":{"start":{"line":49,"column":19},"end":{"line":49,"column":20}},"15":{"start":{"line":50,"column":19},"end":{"line":50,"column":20}},"16":{"start":{"line":51,"column":19},"end":{"line":51,"column":20}},"17":{"start":{"line":53,"column":2},"end":{"line":57,"column":3}},"18":{"start":{"line":53,"column":15},"end":{"line":53,"column":16}},"19":{"start":{"line":54,"column":4},"end":{"line":54,"column":36}},"20":{"start":{"line":55,"column":4},"end":{"line":55,"column":36}},"21":{"start":{"line":56,"column":4},"end":{"line":56,"column":36}},"22":{"start":{"line":59,"column":2},"end":{"line":59,"column":37}},"23":{"start":{"line":60,"column":2},"end":{"line":60,"column":37}},"24":{"start":{"line":62,"column":2},"end":{"line":64,"column":3}},"25":{"start":{"line":63,"column":4},"end":{"line":63,"column":13}},"26":{"start":{"line":66,"column":2},"end":{"line":66,"column":48}},"27":{"start":{"line":79,"column":4},"end":{"line":79,"column":78}},"28":{"start":{"line":83,"column":23},"end":{"line":83,"column":48}},"29":{"start":{"line":84,"column":21},"end":{"line":84,"column":59}},"30":{"start":{"line":87,"column":27},"end":{"line":87,"column":40}},"31":{"start":{"line":88,"column":25},"end":{"line":88,"column":44}},"32":{"start":{"line":91,"column":23},"end":{"line":91,"column":25}},"33":{"start":{"line":93,"column":2},"end":{"line":102,"column":3}},"34":{"start":{"line":93,"column":15},"end":{"line":93,"column":16}},"35":{"start":{"line":94,"column":23},"end":{"line":94,"column":76}},"36":{"start":{"line":96,"column":4},"end":{"line":101,"column":5}},"37":{"start":{"line":97,"column":6},"end":{"line":100,"column":9}},"38":{"start":{"line":105,"column":2},"end":{"line":105,"column":59}},"39":{"start":{"line":105,"column":30},"end":{"line":105,"column":57}},"40":{"start":{"line":107,"column":2},"end":{"line":107,"column":22}},"41":{"start":{"line":110,"column":0},"end":{"line":112,"column":2}}},"fnMap":{"0":{"name":"generateEmbeddings","decl":{"start":{"line":20,"column":15},"end":{"line":20,"column":33}},"loc":{"start":{"line":20,"column":41},"end":{"line":40,"column":1}},"line":20},"1":{"name":"(anonymous_1)","decl":{"start":{"line":33,"column":38},"end":{"line":33,"column":39}},"loc":{"start":{"line":33,"column":48},"end":{"line":33,"column":65}},"line":33},"2":{"name":"cosineSimilarity","decl":{"start":{"line":48,"column":9},"end":{"line":48,"column":25}},"loc":{"start":{"line":48,"column":38},"end":{"line":67,"column":1}},"line":48},"3":{"name":"findRelatedWords","decl":{"start":{"line":77,"column":15},"end":{"line":77,"column":31}},"loc":{"start":{"line":77,"column":65},"end":{"line":108,"column":1}},"line":77},"4":{"name":"(anonymous_4)","decl":{"start":{"line":105,"column":20},"end":{"line":105,"column":21}},"loc":{"start":{"line":105,"column":30},"end":{"line":105,"column":57}},"line":105}},"branchMap":{"0":{"loc":{"start":{"line":62,"column":2},"end":{"line":64,"column":3}},"type":"if","locations":[{"start":{"line":62,"column":2},"end":{"line":64,"column":3}},{"start":{},"end":{}}],"line":62},"1":{"loc":{"start":{"line":62,"column":6},"end":{"line":62,"column":42}},"type":"binary-expr","locations":[{"start":{"line":62,"column":6},"end":{"line":62,"column":22}},{"start":{"line":62,"column":26},"end":{"line":62,"column":42}}],"line":62},"2":{"loc":{"start":{"line":79,"column":4},"end":{"line":79,"column":78}},"type":"cond-expr","locations":[{"start":{"line":79,"column":30},"end":{"line":79,"column":39}},{"start":{"line":79,"column":42},"end":{"line":79,"column":78}}],"line":79},"3":{"loc":{"start":{"line":96,"column":4},"end":{"line":101,"column":5}},"type":"if","locations":[{"start":{"line":96,"column":4},"end":{"line":101,"column":5}},{"start":{},"end":{}}],"line":96}},"s":{"0":2,"1":2,"2":2,"3":6,"4":6,"5":6,"6":6,"7":8,"8":8,"9":8,"10":14,"11":8,"12":22,"13":6,"14":12,"15":12,"16":12,"17":12,"18":12,"19":35,"20":35,"21":35,"22":12,"23":12,"24":12,"25":0,"26":12,"27":6,"28":6,"29":6,"30":6,"31":6,"32":6,"33":6,"34":6,"35":12,"36":12,"37":9,"38":6,"39":5,"40":6,"41":2},"f":{"0":6,"1":14,"2":12,"3":6,"4":5},"b":{"0":[0,12],"1":[12,12],"2":[5,1],"3":[9,3]},"_coverageSchema":"1a1c01bbd47fc00a2c39e90264f33305004495a9","hash":"2a7fc89e1fd9260ce9063d1b3faa0d9c868e4a7e"}
,"/Users/navodanilakshi/Documents/book-app/services/favoriteService.js": {"path":"/Users/navodanilakshi/Documents/book-app/services/favoriteService.js","statementMap":{"0":{"start":{"line":6,"column":13},"end":{"line":6,"column":38}},"1":{"start":{"line":15,"column":2},"end":{"line":17,"column":3}},"2":{"start":{"line":16,"column":4},"end":{"line":16,"column":17}},"3":{"start":{"line":20,"column":20},"end":{"line":20,"column":46}},"4":{"start":{"line":23,"column":2},"end":{"line":25,"column":3}},"5":{"start":{"line":24,"column":4},"end":{"line":24,"column":17}},"6":{"start":{"line":28,"column":12},"end":{"line":28,"column":13}},"7":{"start":{"line":29,"column":2},"end":{"line":31,"column":3}},"8":{"start":{"line":29,"column":15},"end":{"line":29,"column":16}},"9":{"start":{"line":30,"column":4},"end":{"line":30,"column":58}},"10":{"start":{"line":32,"column":21},"end":{"line":32,"column":43}},"11":{"start":{"line":34,"column":2},"end":{"line":34,"column":48}},"12":{"start":{"line":43,"column":2},"end":{"line":45,"column":3}},"13":{"start":{"line":44,"column":4},"end":{"line":44,"column":14}},"14":{"start":{"line":46,"column":2},"end":{"line":46,"column":36}},"15":{"start":{"line":56,"column":15},"end":{"line":56,"column":42}},"16":{"start":{"line":57,"column":2},"end":{"line":59,"column":3}},"17":{"start":{"line":58,"column":4},"end":{"line":58,"column":17}},"18":{"start":{"line":60,"column":2},"end":{"line":60,"column":59}},"19":{"start":{"line":60,"column":38},"end":{"line":60,"column":57}},"20":{"start":{"line":72,"column":2},"end":{"line":77,"column":3}},"21":{"start":{"line":73,"column":4},"end":{"line":76,"column":6}},"22":{"start":{"line":79,"column":15},"end":{"line":79,"column":42}},"23":{"start":{"line":80,"column":2},"end":{"line":85,"column":3}},"24":{"start":{"line":81,"column":4},"end":{"line":84,"column":6}},"25":{"start":{"line":88,"column":2},"end":{"line":94,"column":3}},"26":{"start":{"line":88,"column":35},"end":{"line":88,"column":54}},"27":{"start":{"line":89,"column":4},"end":{"line":93,"column":6}},"28":{"start":{"line":96,"column":19},"end":{"line":100,"column":3}},"29":{"start":{"line":102,"column":2},"end":{"line":102,"column":32}},"30":{"start":{"line":103,"column":2},"end":{"line":103,"column":20}},"31":{"start":{"line":105,"column":2},"end":{"line":109,"column":4}},"32":{"start":{"line":119,"column":15},"end":{"line":119,"column":42}},"33":{"start":{"line":120,"column":2},"end":{"line":125,"column":3}},"34":{"start":{"line":121,"column":4},"end":{"line":124,"column":6}},"35":{"start":{"line":127,"column":16},"end":{"line":127,"column":70}},"36":{"start":{"line":127,"column":50},"end":{"line":127,"column":69}},"37":{"start":{"line":129,"column":2},"end":{"line":134,"column":3}},"38":{"start":{"line":130,"column":4},"end":{"line":133,"column":6}},"39":{"start":{"line":136,"column":18},"end":{"line":136,"column":52}},"40":{"start":{"line":137,"column":2},"end":{"line":137,"column":20}},"41":{"start":{"line":139,"column":2},"end":{"line":143,"column":4}},"42":{"start":{"line":152,"column":15},"end":{"line":152,"column":42}},"43":{"start":{"line":153,"column":2},"end":{"line":160,"column":3}},"44":{"start":{"line":154,"column":4},"end":{"line":159,"column":6}},"45":{"start":{"line":162,"column":2},"end":{"line":172,"column":4}},"46":{"start":{"line":181,"column":15},"end":{"line":181,"column":42}},"47":{"start":{"line":182,"column":2},"end":{"line":184,"column":3}},"48":{"start":{"line":183,"column":4},"end":{"line":183,"column":13}},"49":{"start":{"line":185,"column":2},"end":{"line":185,"column":31}},"50":{"start":{"line":194,"column":15},"end":{"line":194,"column":42}},"51":{"start":{"line":195,"column":2},"end":{"line":200,"column":3}},"52":{"start":{"line":196,"column":4},"end":{"line":199,"column":6}},"53":{"start":{"line":202,"column":16},"end":{"line":202,"column":37}},"54":{"start":{"line":203,"column":2},"end":{"line":203,"column":22}},"55":{"start":{"line":204,"column":2},"end":{"line":204,"column":20}},"56":{"start":{"line":206,"column":2},"end":{"line":214,"column":4}},"57":{"start":{"line":217,"column":0},"end":{"line":226,"column":2}}},"fnMap":{"0":{"name":"isValidIsbn13","decl":{"start":{"line":14,"column":9},"end":{"line":14,"column":22}},"loc":{"start":{"line":14,"column":29},"end":{"line":35,"column":1}},"line":14},"1":{"name":"normalizeIsbn13","decl":{"start":{"line":42,"column":9},"end":{"line":42,"column":24}},"loc":{"start":{"line":42,"column":31},"end":{"line":47,"column":1}},"line":42},"2":{"name":"isFavorite","decl":{"start":{"line":55,"column":15},"end":{"line":55,"column":25}},"loc":{"start":{"line":55,"column":42},"end":{"line":61,"column":1}},"line":55},"3":{"name":"(anonymous_3)","decl":{"start":{"line":60,"column":29},"end":{"line":60,"column":30}},"loc":{"start":{"line":60,"column":38},"end":{"line":60,"column":57}},"line":60},"4":{"name":"addFavorite","decl":{"start":{"line":70,"column":15},"end":{"line":70,"column":26}},"loc":{"start":{"line":70,"column":50},"end":{"line":110,"column":1}},"line":70},"5":{"name":"(anonymous_5)","decl":{"start":{"line":88,"column":26},"end":{"line":88,"column":27}},"loc":{"start":{"line":88,"column":35},"end":{"line":88,"column":54}},"line":88},"6":{"name":"removeFavorite","decl":{"start":{"line":118,"column":15},"end":{"line":118,"column":29}},"loc":{"start":{"line":118,"column":46},"end":{"line":144,"column":1}},"line":118},"7":{"name":"(anonymous_7)","decl":{"start":{"line":127,"column":41},"end":{"line":127,"column":42}},"loc":{"start":{"line":127,"column":50},"end":{"line":127,"column":69}},"line":127},"8":{"name":"listFavorites","decl":{"start":{"line":151,"column":15},"end":{"line":151,"column":28}},"loc":{"start":{"line":151,"column":37},"end":{"line":173,"column":1}},"line":151},"9":{"name":"getFavoriteCount","decl":{"start":{"line":180,"column":15},"end":{"line":180,"column":31}},"loc":{"start":{"line":180,"column":40},"end":{"line":186,"column":1}},"line":180},"10":{"name":"clearFavorites","decl":{"start":{"line":193,"column":15},"end":{"line":193,"column":29}},"loc":{"start":{"line":193,"column":38},"end":{"line":215,"column":1}},"line":193}},"branchMap":{"0":{"loc":{"start":{"line":15,"column":2},"end":{"line":17,"column":3}},"type":"if","locations":[{"start":{"line":15,"column":2},"end":{"line":17,"column":3}},{"start":{},"end":{}}],"line":15},"1":{"loc":{"start":{"line":15,"column":6},"end":{"line":15,"column":39}},"type":"binary-expr","locations":[{"start":{"line":15,"column":6},"end":{"line":15,"column":11}},{"start":{"line":15,"column":15},"end":{"line":15,"column":39}}],"line":15},"2":{"loc":{"start":{"line":23,"column":2},"end":{"line":25,"column":3}},"type":"if","locations":[{"start":{"line":23,"column":2},"end":{"line":25,"column":3}},{"start":{},"end":{}}],"line":23},"3":{"loc":{"start":{"line":30,"column":37},"end":{"line":30,"column":56}},"type":"cond-expr","locations":[{"start":{"line":30,"column":51},"end":{"line":30,"column":52}},{"start":{"line":30,"column":55},"end":{"line":30,"column":56}}],"line":30},"4":{"loc":{"start":{"line":43,"column":2},"end":{"line":45,"column":3}},"type":"if","locations":[{"start":{"line":43,"column":2},"end":{"line":45,"column":3}},{"start":{},"end":{}}],"line":43},"5":{"loc":{"start":{"line":43,"column":6},"end":{"line":43,"column":39}},"type":"binary-expr","locations":[{"start":{"line":43,"column":6},"end":{"line":43,"column":11}},{"start":{"line":43,"column":15},"end":{"line":43,"column":39}}],"line":43},"6":{"loc":{"start":{"line":57,"column":2},"end":{"line":59,"column":3}},"type":"if","locations":[{"start":{"line":57,"column":2},"end":{"line":59,"column":3}},{"start":{},"end":{}}],"line":57},"7":{"loc":{"start":{"line":72,"column":2},"end":{"line":77,"column":3}},"type":"if","locations":[{"start":{"line":72,"column":2},"end":{"line":77,"column":3}},{"start":{},"end":{}}],"line":72},"8":{"loc":{"start":{"line":80,"column":2},"end":{"line":85,"column":3}},"type":"if","locations":[{"start":{"line":80,"column":2},"end":{"line":85,"column":3}},{"start":{},"end":{}}],"line":80},"9":{"loc":{"start":{"line":88,"column":2},"end":{"line":94,"column":3}},"type":"if","locations":[{"start":{"line":88,"column":2},"end":{"line":94,"column":3}},{"start":{},"end":{}}],"line":88},"10":{"loc":{"start":{"line":120,"column":2},"end":{"line":125,"column":3}},"type":"if","locations":[{"start":{"line":120,"column":2},"end":{"line":125,"column":3}},{"start":{},"end":{}}],"line":120},"11":{"loc":{"start":{"line":129,"column":2},"end":{"line":134,"column":3}},"type":"if","locations":[{"start":{"line":129,"column":2},"end":{"line":134,"column":3}},{"start":{},"end":{}}],"line":129},"12":{"loc":{"start":{"line":153,"column":2},"end":{"line":160,"column":3}},"type":"if","locations":[{"start":{"line":153,"column":2},"end":{"line":160,"column":3}},{"start":{},"end":{}}],"line":153},"13":{"loc":{"start":{"line":167,"column":6},"end":{"line":171,"column":36}},"type":"cond-expr","locations":[{"start":{"line":168,"column":10},"end":{"line":168,"column":41}},{"start":{"line":169,"column":10},"end":{"line":171,"column":36}}],"line":167},"14":{"loc":{"start":{"line":170,"column":12},"end":{"line":170,"column":50}},"type":"cond-expr","locations":[{"start":{"line":170,"column":42},"end":{"line":170,"column":44}},{"start":{"line":170,"column":47},"end":{"line":170,"column":50}}],"line":170},"15":{"loc":{"start":{"line":182,"column":2},"end":{"line":184,"column":3}},"type":"if","locations":[{"start":{"line":182,"column":2},"end":{"line":184,"column":3}},{"start":{},"end":{}}],"line":182},"16":{"loc":{"start":{"line":195,"column":2},"end":{"line":200,"column":3}},"type":"if","locations":[{"start":{"line":195,"column":2},"end":{"line":200,"column":3}},{"start":{},"end":{}}],"line":195},"17":{"loc":{"start":{"line":209,"column":6},"end":{"line":213,"column":38}},"type":"cond-expr","locations":[{"start":{"line":210,"column":10},"end":{"line":210,"column":50}},{"start":{"line":211,"column":10},"end":{"line":213,"column":38}}],"line":209},"18":{"loc":{"start":{"line":212,"column":12},"end":{"line":212,"column":34}},"type":"cond-expr","locations":[{"start":{"line":212,"column":26},"end":{"line":212,"column":28}},{"start":{"line":212,"column":31},"end":{"line":212,"column":34}}],"line":212}},"s":{"0":2,"1":15,"2":4,"3":11,"4":11,"5":3,"6":8,"7":8,"8":8,"9":96,"10":8,"11":8,"12":5,"13":3,"14":2,"15":3,"16":3,"17":1,"18":2,"19":1,"20":4,"21":1,"22":3,"23":3,"24":1,"25":2,"26":1,"27":1,"28":1,"29":1,"30":1,"31":1,"32":3,"33":3,"34":1,"35":2,"36":1,"37":2,"38":1,"39":1,"40":1,"41":1,"42":4,"43":4,"44":1,"45":3,"46":2,"47":2,"48":1,"49":1,"50":3,"51":3,"52":1,"53":2,"54":2,"55":2,"56":2,"57":2},"f":{"0":15,"1":5,"2":3,"3":1,"4":4,"5":1,"6":3,"7":1,"8":4,"9":2,"10":3},"b":{"0":[4,11],"1":[15,12],"2":[3,8],"3":[48,48],"4":[3,2],"5":[5,3],"6":[1,2],"7":[1,3],"8":[1,2],"9":[1,1],"10":[1,2],"11":[1,1],"12":[1,3],"13":[1,2],"14":[1,1],"15":[1,1],"16":[1,2],"17":[1,1],"18":[0,1]},"_coverageSchema":"1a1c01bbd47fc00a2c39e90264f33305004495a9","hash":"2f6ab3637ad9b9ff93a0055e8ccfffa5c7d5749b"}
,"/Users/navodanilakshi/Documents/book-app/services/gutenbergService.js": {"path":"/Users/navodanilakshi/Documents/book-app/services/gutenbergService.js","statementMap":{"0":{"start":{"line":6,"column":15},"end":{"line":6,"column":45}},"1":{"start":{"line":14,"column":2},"end":{"line":79,"column":3}},"2":{"start":{"line":15,"column":24},"end":{"line":15,"column":53}},"3":{"start":{"line":16,"column":21},"end":{"line":18,"column":5}},"4":{"start":{"line":20,"column":4},"end":{"line":22,"column":5}},"5":{"start":{"line":21,"column":6},"end":{"line":21,"column":65}},"6":{"start":{"line":24,"column":17},"end":{"line":24,"column":38}},"7":{"start":{"line":26,"column":4},"end":{"line":31,"column":5}},"8":{"start":{"line":27,"column":6},"end":{"line":30,"column":8}},"9":{"start":{"line":34,"column":29},"end":{"line":34,"column":59}},"10":{"start":{"line":35,"column":20},"end":{"line":35,"column":35}},"11":{"start":{"line":37,"column":4},"end":{"line":51,"column":5}},"12":{"start":{"line":38,"column":29},"end":{"line":38,"column":53}},"13":{"start":{"line":39,"column":6},"end":{"line":42,"column":7}},"14":{"start":{"line":40,"column":8},"end":{"line":40,"column":25}},"15":{"start":{"line":41,"column":8},"end":{"line":41,"column":14}},"16":{"start":{"line":44,"column":6},"end":{"line":50,"column":7}},"17":{"start":{"line":48,"column":8},"end":{"line":48,"column":25}},"18":{"start":{"line":49,"column":8},"end":{"line":49,"column":14}},"19":{"start":{"line":54,"column":20},"end":{"line":54,"column":49}},"20":{"start":{"line":56,"column":4},"end":{"line":61,"column":5}},"21":{"start":{"line":57,"column":6},"end":{"line":60,"column":8}},"22":{"start":{"line":63,"column":4},"end":{"line":72,"column":6}},"23":{"start":{"line":68,"column":46},"end":{"line":68,"column":52}},"24":{"start":{"line":74,"column":4},"end":{"line":74,"column":55}},"25":{"start":{"line":75,"column":4},"end":{"line":78,"column":6}},"26":{"start":{"line":88,"column":2},"end":{"line":88,"column":27}},"27":{"start":{"line":88,"column":14},"end":{"line":88,"column":27}},"28":{"start":{"line":91,"column":20},"end":{"line":91,"column":46}},"29":{"start":{"line":92,"column":2},"end":{"line":92,"column":19}},"30":{"start":{"line":102,"column":27},"end":{"line":106,"column":3}},"31":{"start":{"line":108,"column":2},"end":{"line":112,"column":3}},"32":{"start":{"line":109,"column":4},"end":{"line":111,"column":5}},"33":{"start":{"line":110,"column":6},"end":{"line":110,"column":29}},"34":{"start":{"line":115,"column":2},"end":{"line":119,"column":3}},"35":{"start":{"line":116,"column":4},"end":{"line":118,"column":5}},"36":{"start":{"line":117,"column":6},"end":{"line":117,"column":17}},"37":{"start":{"line":121,"column":2},"end":{"line":121,"column":14}},"38":{"start":{"line":130,"column":2},"end":{"line":149,"column":3}},"39":{"start":{"line":131,"column":21},"end":{"line":131,"column":41}},"40":{"start":{"line":133,"column":4},"end":{"line":135,"column":5}},"41":{"start":{"line":134,"column":6},"end":{"line":134,"column":71}},"42":{"start":{"line":137,"column":17},"end":{"line":137,"column":38}},"43":{"start":{"line":139,"column":4},"end":{"line":142,"column":6}},"44":{"start":{"line":144,"column":4},"end":{"line":144,"column":54}},"45":{"start":{"line":145,"column":4},"end":{"line":148,"column":6}},"46":{"start":{"line":160,"column":25},"end":{"line":160,"column":43}},"47":{"start":{"line":161,"column":25},"end":{"line":161,"column":56}},"48":{"start":{"line":165,"column":22},"end":{"line":165,"column":75}},"49":{"start":{"line":168,"column":18},"end":{"line":170,"column":46}},"50":{"start":{"line":172,"column":18},"end":{"line":172,"column":47}},"51":{"start":{"line":173,"column":16},"end":{"line":173,"column":44}},"52":{"start":{"line":175,"column":2},"end":{"line":178,"column":4}},"53":{"start":{"line":187,"column":23},"end":{"line":187,"column":50}},"54":{"start":{"line":189,"column":2},"end":{"line":195,"column":3}},"55":{"start":{"line":190,"column":4},"end":{"line":194,"column":6}},"56":{"start":{"line":197,"column":2},"end":{"line":204,"column":4}},"57":{"start":{"line":215,"column":21},"end":{"line":215,"column":58}},"58":{"start":{"line":217,"column":2},"end":{"line":223,"column":3}},"59":{"start":{"line":218,"column":4},"end":{"line":222,"column":6}},"60":{"start":{"line":226,"column":21},"end":{"line":226,"column":60}},"61":{"start":{"line":228,"column":2},"end":{"line":234,"column":3}},"62":{"start":{"line":229,"column":4},"end":{"line":233,"column":6}},"63":{"start":{"line":237,"column":22},"end":{"line":237,"column":71}},"64":{"start":{"line":239,"column":2},"end":{"line":245,"column":4}},"65":{"start":{"line":257,"column":18},"end":{"line":257,"column":62}},"66":{"start":{"line":260,"column":16},"end":{"line":265,"column":4}},"67":{"start":{"line":262,"column":20},"end":{"line":262,"column":54}},"68":{"start":{"line":264,"column":4},"end":{"line":264,"column":31}},"69":{"start":{"line":268,"column":20},"end":{"line":268,"column":29}},"70":{"start":{"line":269,"column":2},"end":{"line":274,"column":3}},"71":{"start":{"line":270,"column":20},"end":{"line":270,"column":54}},"72":{"start":{"line":271,"column":4},"end":{"line":273,"column":5}},"73":{"start":{"line":272,"column":6},"end":{"line":272,"column":29}},"74":{"start":{"line":276,"column":2},"end":{"line":276,"column":31}},"75":{"start":{"line":287,"column":21},"end":{"line":287,"column":58}},"76":{"start":{"line":289,"column":2},"end":{"line":295,"column":3}},"77":{"start":{"line":290,"column":4},"end":{"line":294,"column":6}},"78":{"start":{"line":298,"column":21},"end":{"line":298,"column":60}},"79":{"start":{"line":300,"column":2},"end":{"line":306,"column":3}},"80":{"start":{"line":301,"column":4},"end":{"line":305,"column":6}},"81":{"start":{"line":308,"column":2},"end":{"line":313,"column":4}},"82":{"start":{"line":316,"column":0},"end":{"line":324,"column":2}}},"fnMap":{"0":{"name":"searchBook","decl":{"start":{"line":13,"column":15},"end":{"line":13,"column":25}},"loc":{"start":{"line":13,"column":37},"end":{"line":80,"column":1}},"line":13},"1":{"name":"(anonymous_1)","decl":{"start":{"line":68,"column":39},"end":{"line":68,"column":40}},"loc":{"start":{"line":68,"column":46},"end":{"line":68,"column":52}},"line":68},"2":{"name":"stripSubtitle","decl":{"start":{"line":87,"column":9},"end":{"line":87,"column":22}},"loc":{"start":{"line":87,"column":30},"end":{"line":93,"column":1}},"line":87},"3":{"name":"getTextUrl","decl":{"start":{"line":100,"column":9},"end":{"line":100,"column":19}},"loc":{"start":{"line":100,"column":29},"end":{"line":122,"column":1}},"line":100},"4":{"name":"fetchBookText","decl":{"start":{"line":129,"column":15},"end":{"line":129,"column":28}},"loc":{"start":{"line":129,"column":38},"end":{"line":150,"column":1}},"line":129},"5":{"name":"countWordOccurrences","decl":{"start":{"line":158,"column":9},"end":{"line":158,"column":29}},"loc":{"start":{"line":158,"column":48},"end":{"line":179,"column":1}},"line":158},"6":{"name":"resolveBookForSearch","decl":{"start":{"line":186,"column":15},"end":{"line":186,"column":35}},"loc":{"start":{"line":186,"column":47},"end":{"line":205,"column":1}},"line":186},"7":{"name":"countWordInBook","decl":{"start":{"line":213,"column":15},"end":{"line":213,"column":30}},"loc":{"start":{"line":213,"column":54},"end":{"line":246,"column":1}},"line":213},"8":{"name":"extractUniqueWords","decl":{"start":{"line":255,"column":9},"end":{"line":255,"column":27}},"loc":{"start":{"line":255,"column":34},"end":{"line":277,"column":1}},"line":255},"9":{"name":"(anonymous_9)","decl":{"start":{"line":260,"column":44},"end":{"line":260,"column":45}},"loc":{"start":{"line":260,"column":54},"end":{"line":265,"column":3}},"line":260},"10":{"name":"getBookFullText","decl":{"start":{"line":285,"column":15},"end":{"line":285,"column":30}},"loc":{"start":{"line":285,"column":42},"end":{"line":314,"column":1}},"line":285}},"branchMap":{"0":{"loc":{"start":{"line":20,"column":4},"end":{"line":22,"column":5}},"type":"if","locations":[{"start":{"line":20,"column":4},"end":{"line":22,"column":5}},{"start":{},"end":{}}],"line":20},"1":{"loc":{"start":{"line":26,"column":4},"end":{"line":31,"column":5}},"type":"if","locations":[{"start":{"line":26,"column":4},"end":{"line":31,"column":5}},{"start":{},"end":{}}],"line":26},"2":{"loc":{"start":{"line":26,"column":8},"end":{"line":26,"column":50}},"type":"binary-expr","locations":[{"start":{"line":26,"column":8},"end":{"line":26,"column":21}},{"start":{"line":26,"column":25},"end":{"line":26,"column":50}}],"line":26},"3":{"loc":{"start":{"line":39,"column":6},"end":{"line":42,"column":7}},"type":"if","locations":[{"start":{"line":39,"column":6},"end":{"line":42,"column":7}},{"start":{},"end":{}}],"line":39},"4":{"loc":{"start":{"line":44,"column":6},"end":{"line":50,"column":7}},"type":"if","locations":[{"start":{"line":44,"column":6},"end":{"line":50,"column":7}},{"start":{},"end":{}}],"line":44},"5":{"loc":{"start":{"line":45,"column":8},"end":{"line":46,"column":70}},"type":"binary-expr","locations":[{"start":{"line":45,"column":8},"end":{"line":45,"column":49}},{"start":{"line":46,"column":8},"end":{"line":46,"column":70}}],"line":45},"6":{"loc":{"start":{"line":56,"column":4},"end":{"line":61,"column":5}},"type":"if","locations":[{"start":{"line":56,"column":4},"end":{"line":61,"column":5}},{"start":{},"end":{}}],"line":56},"7":{"loc":{"start":{"line":77,"column":13},"end":{"line":77,"column":66}},"type":"binary-expr","locations":[{"start":{"line":77,"column":13},"end":{"line":77,"column":26}},{"start":{"line":77,"column":30},"end":{"line":77,"column":66}}],"line":77},"8":{"loc":{"start":{"line":88,"column":2},"end":{"line":88,"column":27}},"type":"if","locations":[{"start":{"line":88,"column":2},"end":{"line":88,"column":27}},{"start":{},"end":{}}],"line":88},"9":{"loc":{"start":{"line":109,"column":4},"end":{"line":111,"column":5}},"type":"if","locations":[{"start":{"line":109,"column":4},"end":{"line":111,"column":5}},{"start":{},"end":{}}],"line":109},"10":{"loc":{"start":{"line":116,"column":4},"end":{"line":118,"column":5}},"type":"if","locations":[{"start":{"line":116,"column":4},"end":{"line":118,"column":5}},{"start":{},"end":{}}],"line":116},"11":{"loc":{"start":{"line":133,"column":4},"end":{"line":135,"column":5}},"type":"if","locations":[{"start":{"line":133,"column":4},"end":{"line":135,"column":5}},{"start":{},"end":{}}],"line":133},"12":{"loc":{"start":{"line":147,"column":13},"end":{"line":147,"column":57}},"type":"binary-expr","locations":[{"start":{"line":147,"column":13},"end":{"line":147,"column":26}},{"start":{"line":147,"column":30},"end":{"line":147,"column":57}}],"line":147},"13":{"loc":{"start":{"line":168,"column":18},"end":{"line":170,"column":46}},"type":"cond-expr","locations":[{"start":{"line":169,"column":6},"end":{"line":169,"column":35}},{"start":{"line":170,"column":6},"end":{"line":170,"column":46}}],"line":168},"14":{"loc":{"start":{"line":173,"column":16},"end":{"line":173,"column":44}},"type":"cond-expr","locations":[{"start":{"line":173,"column":26},"end":{"line":173,"column":40}},{"start":{"line":173,"column":43},"end":{"line":173,"column":44}}],"line":173},"15":{"loc":{"start":{"line":189,"column":2},"end":{"line":195,"column":3}},"type":"if","locations":[{"start":{"line":189,"column":2},"end":{"line":195,"column":3}},{"start":{},"end":{}}],"line":189},"16":{"loc":{"start":{"line":192,"column":14},"end":{"line":192,"column":73}},"type":"binary-expr","locations":[{"start":{"line":192,"column":14},"end":{"line":192,"column":32}},{"start":{"line":192,"column":36},"end":{"line":192,"column":73}}],"line":192},"17":{"loc":{"start":{"line":217,"column":2},"end":{"line":223,"column":3}},"type":"if","locations":[{"start":{"line":217,"column":2},"end":{"line":223,"column":3}},{"start":{},"end":{}}],"line":217},"18":{"loc":{"start":{"line":228,"column":2},"end":{"line":234,"column":3}},"type":"if","locations":[{"start":{"line":228,"column":2},"end":{"line":234,"column":3}},{"start":{},"end":{}}],"line":228},"19":{"loc":{"start":{"line":271,"column":4},"end":{"line":273,"column":5}},"type":"if","locations":[{"start":{"line":271,"column":4},"end":{"line":273,"column":5}},{"start":{},"end":{}}],"line":271},"20":{"loc":{"start":{"line":289,"column":2},"end":{"line":295,"column":3}},"type":"if","locations":[{"start":{"line":289,"column":2},"end":{"line":295,"column":3}},{"start":{},"end":{}}],"line":289},"21":{"loc":{"start":{"line":300,"column":2},"end":{"line":306,"column":3}},"type":"if","locations":[{"start":{"line":300,"column":2},"end":{"line":306,"column":3}},{"start":{},"end":{}}],"line":300}},"s":{"0":3,"1":12,"2":12,"3":12,"4":11,"5":1,"6":10,"7":10,"8":4,"9":6,"10":6,"11":6,"12":6,"13":6,"14":4,"15":4,"16":2,"17":2,"18":2,"19":6,"20":6,"21":1,"22":5,"23":5,"24":2,"25":2,"26":2,"27":0,"28":2,"29":2,"30":6,"31":6,"32":12,"33":5,"34":1,"35":1,"36":0,"37":1,"38":6,"39":6,"40":5,"41":2,"42":3,"43":3,"44":3,"45":3,"46":10,"47":10,"48":10,"49":10,"50":10,"51":10,"52":10,"53":7,"54":7,"55":3,"56":4,"57":3,"58":3,"59":1,"60":2,"61":2,"62":1,"63":1,"64":1,"65":5,"66":5,"67":13,"68":13,"69":5,"70":5,"71":8,"72":8,"73":8,"74":5,"75":2,"76":2,"77":1,"78":1,"79":1,"80":0,"81":1,"82":3},"f":{"0":12,"1":5,"2":2,"3":6,"4":6,"5":10,"6":7,"7":3,"8":5,"9":13,"10":2},"b":{"0":[1,10],"1":[4,6],"2":[10,10],"3":[4,2],"4":[2,0],"5":[2,0],"6":[1,5],"7":[2,0],"8":[0,2],"9":[5,7],"10":[0,1],"11":[2,3],"12":[3,0],"13":[2,8],"14":[7,3],"15":[3,4],"16":[3,0],"17":[1,2],"18":[1,1],"19":[8,0],"20":[1,1],"21":[0,1]},"_coverageSchema":"1a1c01bbd47fc00a2c39e90264f33305004495a9","hash":"df21f49b40264840fe244b8fa53627d118d5c8f2"}
,"/Users/navodanilakshi/Documents/book-app/services/tagService.js": {"path":"/Users/navodanilakshi/Documents/book-app/services/tagService.js","statementMap":{"0":{"start":{"line":11,"column":2},"end":{"line":13,"column":3}},"1":{"start":{"line":12,"column":4},"end":{"line":12,"column":14}},"2":{"start":{"line":16,"column":13},"end":{"line":28,"column":5}},"3":{"start":{"line":31,"column":2},"end":{"line":35,"column":28}},"4":{"start":{"line":38,"column":2},"end":{"line":40,"column":3}},"5":{"start":{"line":39,"column":4},"end":{"line":39,"column":33}},"6":{"start":{"line":42,"column":2},"end":{"line":42,"column":14}},"7":{"start":{"line":45,"column":0},"end":{"line":47,"column":2}}},"fnMap":{"0":{"name":"convertTagsToHTML","decl":{"start":{"line":10,"column":9},"end":{"line":10,"column":26}},"loc":{"start":{"line":10,"column":33},"end":{"line":43,"column":1}},"line":10}},"branchMap":{"0":{"loc":{"start":{"line":11,"column":2},"end":{"line":13,"column":3}},"type":"if","locations":[{"start":{"line":11,"column":2},"end":{"line":13,"column":3}},{"start":{},"end":{}}],"line":11},"1":{"loc":{"start":{"line":11,"column":6},"end":{"line":11,"column":39}},"type":"binary-expr","locations":[{"start":{"line":11,"column":6},"end":{"line":11,"column":11}},{"start":{"line":11,"column":15},"end":{"line":11,"column":39}}],"line":11},"2":{"loc":{"start":{"line":38,"column":2},"end":{"line":40,"column":3}},"type":"if","locations":[{"start":{"line":38,"column":2},"end":{"line":40,"column":3}},{"start":{},"end":{}}],"line":38}},"s":{"0":16,"1":5,"2":11,"3":11,"4":11,"5":11,"6":11,"7":2},"f":{"0":16},"b":{"0":[5,11],"1":[16,13],"2":[11,0]},"_coverageSchema":"1a1c01bbd47fc00a2c39e90264f33305004495a9","hash":"ba918da39ac7eb4243e264af34f2deb347d95d35"}
,"/Users/navodanilakshi/Documents/book-app/utils/validators.js": {"path":"/Users/navodanilakshi/Documents/book-app/utils/validators.js","statementMap":{"0":{"start":{"line":12,"column":2},"end":{"line":14,"column":3}},"1":{"start":{"line":13,"column":4},"end":{"line":13,"column":58}},"2":{"start":{"line":16,"column":2},"end":{"line":18,"column":3}},"3":{"start":{"line":17,"column":4},"end":{"line":17,"column":63}},"4":{"start":{"line":20,"column":2},"end":{"line":22,"column":3}},"5":{"start":{"line":21,"column":4},"end":{"line":21,"column":62}},"6":{"start":{"line":24,"column":2},"end":{"line":26,"column":3}},"7":{"start":{"line":25,"column":4},"end":{"line":25,"column":80}},"8":{"start":{"line":28,"column":2},"end":{"line":28,"column":25}},"9":{"start":{"line":37,"column":2},"end":{"line":39,"column":3}},"10":{"start":{"line":38,"column":4},"end":{"line":38,"column":14}},"11":{"start":{"line":42,"column":2},"end":{"line":47,"column":30}},"12":{"start":{"line":56,"column":18},"end":{"line":56,"column":20}},"13":{"start":{"line":58,"column":2},"end":{"line":62,"column":5}},"14":{"start":{"line":59,"column":4},"end":{"line":61,"column":5}},"15":{"start":{"line":60,"column":6},"end":{"line":60,"column":28}},"16":{"start":{"line":64,"column":2},"end":{"line":67,"column":4}},"17":{"start":{"line":77,"column":2},"end":{"line":79,"column":3}},"18":{"start":{"line":78,"column":4},"end":{"line":78,"column":55}},"19":{"start":{"line":82,"column":20},"end":{"line":82,"column":46}},"20":{"start":{"line":85,"column":2},"end":{"line":90,"column":3}},"21":{"start":{"line":86,"column":4},"end":{"line":89,"column":6}},"22":{"start":{"line":93,"column":12},"end":{"line":93,"column":13}},"23":{"start":{"line":94,"column":2},"end":{"line":96,"column":3}},"24":{"start":{"line":94,"column":15},"end":{"line":94,"column":16}},"25":{"start":{"line":95,"column":4},"end":{"line":95,"column":58}},"26":{"start":{"line":97,"column":21},"end":{"line":97,"column":43}},"27":{"start":{"line":99,"column":2},"end":{"line":104,"column":3}},"28":{"start":{"line":100,"column":4},"end":{"line":103,"column":6}},"29":{"start":{"line":106,"column":2},"end":{"line":109,"column":4}},"30":{"start":{"line":118,"column":2},"end":{"line":120,"column":3}},"31":{"start":{"line":119,"column":4},"end":{"line":119,"column":60}},"32":{"start":{"line":122,"column":28},"end":{"line":122,"column":36}},"33":{"start":{"line":125,"column":25},"end":{"line":125,"column":47}},"34":{"start":{"line":126,"column":2},"end":{"line":128,"column":3}},"35":{"start":{"line":127,"column":4},"end":{"line":127,"column":26}},"36":{"start":{"line":131,"column":2},"end":{"line":133,"column":3}},"37":{"start":{"line":132,"column":4},"end":{"line":132,"column":61}},"38":{"start":{"line":135,"column":2},"end":{"line":137,"column":3}},"39":{"start":{"line":136,"column":4},"end":{"line":136,"column":65}},"40":{"start":{"line":139,"column":2},"end":{"line":144,"column":3}},"41":{"start":{"line":140,"column":4},"end":{"line":143,"column":6}},"42":{"start":{"line":146,"column":2},"end":{"line":146,"column":25}},"43":{"start":{"line":149,"column":0},"end":{"line":155,"column":2}}},"fnMap":{"0":{"name":"validateMessage","decl":{"start":{"line":11,"column":9},"end":{"line":11,"column":24}},"loc":{"start":{"line":11,"column":34},"end":{"line":29,"column":1}},"line":11},"1":{"name":"sanitizeInput","decl":{"start":{"line":36,"column":9},"end":{"line":36,"column":22}},"loc":{"start":{"line":36,"column":30},"end":{"line":48,"column":1}},"line":36},"2":{"name":"validateEnvironment","decl":{"start":{"line":55,"column":9},"end":{"line":55,"column":28}},"loc":{"start":{"line":55,"column":43},"end":{"line":68,"column":1}},"line":55},"3":{"name":"(anonymous_3)","decl":{"start":{"line":58,"column":23},"end":{"line":58,"column":24}},"loc":{"start":{"line":58,"column":36},"end":{"line":62,"column":3}},"line":58},"4":{"name":"validateIsbn13","decl":{"start":{"line":76,"column":9},"end":{"line":76,"column":23}},"loc":{"start":{"line":76,"column":30},"end":{"line":110,"column":1}},"line":76},"5":{"name":"validateFavoriteBook","decl":{"start":{"line":117,"column":9},"end":{"line":117,"column":29}},"loc":{"start":{"line":117,"column":40},"end":{"line":147,"column":1}},"line":117}},"branchMap":{"0":{"loc":{"start":{"line":12,"column":2},"end":{"line":14,"column":3}},"type":"if","locations":[{"start":{"line":12,"column":2},"end":{"line":14,"column":3}},{"start":{},"end":{}}],"line":12},"1":{"loc":{"start":{"line":16,"column":2},"end":{"line":18,"column":3}},"type":"if","locations":[{"start":{"line":16,"column":2},"end":{"line":18,"column":3}},{"start":{},"end":{}}],"line":16},"2":{"loc":{"start":{"line":20,"column":2},"end":{"line":22,"column":3}},"type":"if","locations":[{"start":{"line":20,"column":2},"end":{"line":22,"column":3}},{"start":{},"end":{}}],"line":20},"3":{"loc":{"start":{"line":24,"column":2},"end":{"line":26,"column":3}},"type":"if","locations":[{"start":{"line":24,"column":2},"end":{"line":26,"column":3}},{"start":{},"end":{}}],"line":24},"4":{"loc":{"start":{"line":37,"column":2},"end":{"line":39,"column":3}},"type":"if","locations":[{"start":{"line":37,"column":2},"end":{"line":39,"column":3}},{"start":{},"end":{}}],"line":37},"5":{"loc":{"start":{"line":59,"column":4},"end":{"line":61,"column":5}},"type":"if","locations":[{"start":{"line":59,"column":4},"end":{"line":61,"column":5}},{"start":{},"end":{}}],"line":59},"6":{"loc":{"start":{"line":77,"column":2},"end":{"line":79,"column":3}},"type":"if","locations":[{"start":{"line":77,"column":2},"end":{"line":79,"column":3}},{"start":{},"end":{}}],"line":77},"7":{"loc":{"start":{"line":77,"column":6},"end":{"line":77,"column":39}},"type":"binary-expr","locations":[{"start":{"line":77,"column":6},"end":{"line":77,"column":11}},{"start":{"line":77,"column":15},"end":{"line":77,"column":39}}],"line":77},"8":{"loc":{"start":{"line":85,"column":2},"end":{"line":90,"column":3}},"type":"if","locations":[{"start":{"line":85,"column":2},"end":{"line":90,"column":3}},{"start":{},"end":{}}],"line":85},"9":{"loc":{"start":{"line":95,"column":37},"end":{"line":95,"column":56}},"type":"cond-expr","locations":[{"start":{"line":95,"column":51},"end":{"line":95,"column":52}},{"start":{"line":95,"column":55},"end":{"line":95,"column":56}}],"line":95},"10":{"loc":{"start":{"line":99,"column":2},"end":{"line":104,"column":3}},"type":"if","locations":[{"start":{"line":99,"column":2},"end":{"line":104,"column":3}},{"start":{},"end":{}}],"line":99},"11":{"loc":{"start":{"line":118,"column":2},"end":{"line":120,"column":3}},"type":"if","locations":[{"start":{"line":118,"column":2},"end":{"line":120,"column":3}},{"start":{},"end":{}}],"line":118},"12":{"loc":{"start":{"line":118,"column":6},"end":{"line":118,"column":47}},"type":"binary-expr","locations":[{"start":{"line":118,"column":6},"end":{"line":118,"column":15}},{"start":{"line":118,"column":19},"end":{"line":118,"column":47}}],"line":118},"13":{"loc":{"start":{"line":126,"column":2},"end":{"line":128,"column":3}},"type":"if","locations":[{"start":{"line":126,"column":2},"end":{"line":128,"column":3}},{"start":{},"end":{}}],"line":126},"14":{"loc":{"start":{"line":131,"column":2},"end":{"line":133,"column":3}},"type":"if","locations":[{"start":{"line":131,"column":2},"end":{"line":133,"column":3}},{"start":{},"end":{}}],"line":131},"15":{"loc":{"start":{"line":131,"column":6},"end":{"line":131,"column":41}},"type":"binary-expr","locations":[{"start":{"line":131,"column":6},"end":{"line":131,"column":12}},{"start":{"line":131,"column":16},"end":{"line":131,"column":41}}],"line":131},"16":{"loc":{"start":{"line":135,"column":2},"end":{"line":137,"column":3}},"type":"if","locations":[{"start":{"line":135,"column":2},"end":{"line":137,"column":3}},{"start":{},"end":{}}],"line":135},"17":{"loc":{"start":{"line":139,"column":2},"end":{"line":144,"column":3}},"type":"if","locations":[{"start":{"line":139,"column":2},"end":{"line":144,"column":3}},{"start":{},"end":{}}],"line":139}},"s":{"0":10,"1":3,"2":7,"3":3,"4":4,"5":1,"6":3,"7":1,"8":2,"9":6,"10":3,"11":3,"12":3,"13":3,"14":3,"15":1,"16":3,"17":14,"18":3,"19":11,"20":11,"21":2,"22":9,"23":9,"24":9,"25":108,"26":9,"27":9,"28":2,"29":7,"30":7,"31":2,"32":5,"33":5,"34":5,"35":1,"36":4,"37":1,"38":3,"39":1,"40":2,"41":1,"42":1,"43":2},"f":{"0":10,"1":6,"2":3,"3":3,"4":14,"5":7},"b":{"0":[3,7],"1":[3,4],"2":[1,3],"3":[1,2],"4":[3,3],"5":[1,2],"6":[3,11],"7":[14,12],"8":[2,9],"9":[54,54],"10":[2,7],"11":[2,5],"12":[7,6],"13":[1,4],"14":[1,3],"15":[4,3],"16":[1,2],"17":[1,1]},"_coverageSchema":"1a1c01bbd47fc00a2c39e90264f33305004495a9","hash":"071a1bd70f39ad328add9440344408c72f2c1711"}
}
