TN:
SF:controllers/authController.js
FN:12,(anonymous_0)
FN:22,(anonymous_1)
FN:32,(anonymous_2)
FN:46,(anonymous_3)
FN:63,(anonymous_4)
FN:73,(anonymous_5)
FN:118,(anonymous_6)
FN:137,(anonymous_7)
FN:153,(anonymous_8)
FN:154,(anonymous_9)
FNF:10
FNH:10
FNDA:1,(anonymous_0)
FNDA:6,(anonymous_1)
FNDA:4,(anonymous_2)
FNDA:2,(anonymous_3)
FNDA:1,(anonymous_4)
FNDA:8,(anonymous_5)
FNDA:1,(anonymous_6)
FNDA:1,(anonymous_7)
FNDA:2,(anonymous_8)
FNDA:2,(anonymous_9)
DA:5,1
DA:6,1
DA:12,1
DA:13,1
DA:22,1
DA:23,6
DA:26,6
DA:27,2
DA:32,4
DA:33,4
DA:34,1
DA:35,1
DA:40,3
DA:41,1
DA:46,2
DA:47,2
DA:48,1
DA:49,1
DA:54,1
DA:63,1
DA:64,1
DA:73,1
DA:74,8
DA:75,8
DA:78,8
DA:79,1
DA:85,7
DA:86,1
DA:92,6
DA:93,1
DA:99,5
DA:102,5
DA:103,1
DA:109,4
DA:115,4
DA:118,1
DA:119,1
DA:120,0
DA:121,0
DA:123,1
DA:126,3
DA:129,3
DA:130,1
DA:136,2
DA:137,1
DA:138,1
DA:143,1
DA:153,1
DA:154,2
DA:155,2
DA:156,1
DA:157,1
DA:159,1
LF:53
LH:51
BRDA:26,0,0,2
BRDA:26,0,1,4
BRDA:26,1,0,6
BRDA:26,1,1,5
BRDA:33,2,0,1
BRDA:33,2,1,3
BRDA:40,3,0,1
BRDA:40,3,1,2
BRDA:42,4,0,1
BRDA:42,4,1,0
BRDA:47,5,0,1
BRDA:47,5,1,1
BRDA:78,6,0,1
BRDA:78,6,1,7
BRDA:78,7,0,8
BRDA:78,7,1,8
BRDA:78,7,2,7
BRDA:78,7,3,7
BRDA:85,8,0,1
BRDA:85,8,1,6
BRDA:92,9,0,1
BRDA:92,9,1,5
BRDA:102,10,0,1
BRDA:102,10,1,4
BRDA:119,11,0,0
BRDA:119,11,1,1
BRDA:129,12,0,1
BRDA:129,12,1,2
BRDA:136,13,0,1
BRDA:136,13,1,1
BRDA:155,14,0,1
BRDA:155,14,1,1
BRF:32
BRH:30
end_of_record
TN:
SF:controllers/bookController.js
FN:19,(anonymous_0)
FN:36,executeFunction
FN:86,(anonymous_2)
FN:100,(anonymous_3)
FN:101,(anonymous_4)
FN:104,(anonymous_5)
FN:183,(anonymous_6)
FN:234,(anonymous_7)
FN:248,(anonymous_8)
FN:322,(anonymous_9)
FN:343,(anonymous_10)
FNF:11
FNH:7
FNDA:1,(anonymous_0)
FNDA:5,executeFunction
FNDA:0,(anonymous_2)
FNDA:0,(anonymous_3)
FNDA:0,(anonymous_4)
FNDA:0,(anonymous_5)
FNDA:9,(anonymous_6)
FNDA:5,(anonymous_7)
FNDA:5,(anonymous_8)
FNDA:2,(anonymous_9)
FNDA:2,(anonymous_10)
DA:5,1
DA:6,1
DA:7,1
DA:8,1
DA:9,1
DA:10,1
DA:11,1
DA:12,1
DA:13,1
DA:19,1
DA:21,1
DA:22,1
DA:24,1
DA:37,5
DA:41,0
DA:42,0
DA:45,0
DA:46,0
DA:49,2
DA:52,0
DA:57,1
DA:60,1
DA:66,0
DA:68,0
DA:69,0
DA:77,0
DA:80,0
DA:86,0
DA:87,0
DA:91,0
DA:99,0
DA:100,0
DA:101,0
DA:103,0
DA:104,0
DA:108,0
DA:121,0
DA:133,1
DA:138,1
DA:143,0
DA:146,1
DA:152,1
DA:153,1
DA:157,1
DA:158,0
DA:163,1
DA:172,0
DA:183,1
DA:184,9
DA:185,9
DA:188,9
DA:189,9
DA:190,1
DA:196,8
DA:197,1
DA:203,7
DA:206,6
DA:209,6
DA:211,6
DA:212,1
DA:218,5
DA:222,5
DA:223,5
DA:225,5
DA:230,5
DA:233,5
DA:234,5
DA:248,5
DA:249,5
DA:254,1
DA:255,1
DA:266,4
DA:270,5
DA:276,5
DA:277,1
DA:284,4
DA:287,4
DA:293,4
DA:299,4
DA:304,4
DA:305,1
DA:308,4
DA:310,1
DA:311,1
DA:322,1
DA:323,2
DA:324,2
DA:325,1
DA:327,1
DA:332,1
DA:333,1
DA:343,1
DA:344,2
DA:345,2
DA:347,1
DA:352,1
DA:353,1
LF:97
LH:74
BRDA:37,0,0,0
BRDA:37,0,1,0
BRDA:37,0,2,2
BRDA:37,0,3,0
BRDA:37,0,4,1
BRDA:37,0,5,1
BRDA:37,0,6,0
BRDA:37,0,7,0
BRDA:37,0,8,1
BRDA:37,0,9,0
BRDA:68,1,0,0
BRDA:68,1,1,0
BRDA:133,2,0,1
BRDA:133,2,1,0
BRDA:133,3,0,1
BRDA:133,3,1,0
BRDA:138,4,0,0
BRDA:138,4,1,1
BRDA:139,5,0,1
BRDA:139,5,1,1
BRDA:139,5,2,0
BRDA:152,6,0,1
BRDA:152,6,1,0
BRDA:152,7,0,1
BRDA:152,7,1,1
BRDA:157,8,0,0
BRDA:157,8,1,1
BRDA:189,9,0,1
BRDA:189,9,1,8
BRDA:196,10,0,1
BRDA:196,10,1,7
BRDA:211,11,0,1
BRDA:211,11,1,5
BRDA:226,12,0,9
BRDA:226,12,1,5
BRDA:226,12,2,5
BRDA:249,13,0,1
BRDA:249,13,1,4
BRDA:250,14,0,5
BRDA:250,14,1,1
BRDA:250,14,2,1
BRDA:276,15,0,1
BRDA:276,15,1,4
BRDA:304,16,0,1
BRDA:304,16,1,3
BRF:45
BRH:31
end_of_record
TN:
SF:middleware/auth.js
FN:10,requireAuth
FN:24,redirectIfAuth
FNF:2
FNH:2
FNDA:2,requireAuth
FNDA:2,redirectIfAuth
DA:11,2
DA:12,1
DA:15,1
DA:16,1
DA:25,2
DA:26,1
DA:28,1
DA:31,1
LF:8
LH:8
BRDA:11,0,0,1
BRDA:11,0,1,1
BRDA:25,1,0,1
BRDA:25,1,1,1
BRF:4
BRH:4
end_of_record
TN:
SF:models/User.js
FNF:0
FNH:0
DA:6,2
DA:8,2
DA:14,2
DA:35,2
DA:56,2
DA:64,2
DA:66,2
LF:7
LH:7
BRDA:8,0,0,2
BRDA:8,0,1,0
BRF:2
BRH:1
end_of_record
TN:
SF:services/aiService.js
FN:263,generateChatResponse
FN:292,(anonymous_1)
FN:300,(anonymous_2)
FN:315,(anonymous_3)
FN:316,(anonymous_4)
FN:349,continueAfterFunctionExecution
FN:359,(anonymous_6)
FN:384,(anonymous_7)
FN:392,(anonymous_8)
FN:408,(anonymous_9)
FN:409,(anonymous_10)
FNF:11
FNH:11
FNDA:15,generateChatResponse
FNDA:8,(anonymous_1)
FNDA:1,(anonymous_2)
FNDA:6,(anonymous_3)
FNDA:5,(anonymous_4)
FNDA:7,continueAfterFunctionExecution
FNDA:4,(anonymous_6)
FNDA:3,(anonymous_7)
FNDA:1,(anonymous_8)
FNDA:2,(anonymous_9)
FNDA:2,(anonymous_10)
DA:1,2
DA:2,2
DA:4,2
DA:8,2
DA:66,2
DA:126,2
DA:190,2
DA:217,2
DA:249,2
DA:264,15
DA:266,15
DA:267,3
DA:270,12
DA:271,1
DA:275,11
DA:281,11
DA:291,7
DA:292,8
DA:295,7
DA:297,1
DA:300,1
DA:314,6
DA:315,6
DA:316,5
DA:321,6
DA:327,6
DA:333,8
DA:334,8
DA:354,7
DA:356,7
DA:359,7
DA:366,7
DA:373,7
DA:383,4
DA:384,3
DA:387,4
DA:389,1
DA:392,1
DA:407,3
DA:408,2
DA:409,2
DA:413,3
DA:420,3
DA:426,3
DA:427,3
DA:433,2
LF:46
LH:46
BRDA:263,0,0,1
BRDA:266,1,0,3
BRDA:266,1,1,12
BRDA:266,2,0,15
BRDA:266,2,1,13
BRDA:270,3,0,1
BRDA:270,3,1,11
BRDA:295,4,0,1
BRDA:295,4,1,6
BRDA:335,5,0,8
BRDA:335,5,1,1
BRDA:387,6,0,1
BRDA:387,6,1,3
BRDA:428,7,0,3
BRDA:428,7,1,1
BRF:15
BRH:15
end_of_record
TN:
SF:services/analysisService.js
FN:45,analyzeBookStatistics
FN:100,(anonymous_1)
FN:131,(anonymous_2)
FN:135,(anonymous_3)
FN:183,extractHtmlFromResponse
FN:251,generateVisualization
FNF:6
FNH:6
FNDA:10,analyzeBookStatistics
FNDA:6,(anonymous_1)
FNDA:6,(anonymous_2)
FNDA:11,(anonymous_3)
FNDA:15,extractHtmlFromResponse
FNDA:10,generateVisualization
DA:7,2
DA:8,2
DA:9,2
DA:10,2
DA:12,2
DA:16,2
DA:27,2
DA:46,10
DA:48,10
DA:49,10
DA:51,10
DA:52,1
DA:62,9
DA:70,8
DA:72,8
DA:87,8
DA:89,8
DA:98,6
DA:99,6
DA:100,6
DA:103,6
DA:104,6
DA:106,6
DA:110,6
DA:112,6
DA:113,6
DA:115,6
DA:124,6
DA:125,1
DA:128,6
DA:130,6
DA:131,6
DA:135,11
DA:137,6
DA:138,2
DA:145,4
DA:152,3
DA:153,3
DA:160,10
DA:161,8
DA:162,8
DA:166,1
DA:184,15
DA:186,15
DA:187,16
DA:188,13
DA:192,16
DA:193,1
DA:194,1
DA:196,1
DA:197,0
DA:198,0
DA:199,0
DA:204,16
DA:205,1
DA:206,1
DA:207,0
DA:208,1
DA:209,0
DA:210,1
DA:211,1
DA:212,0
DA:213,0
DA:219,15
DA:222,15
DA:225,15
DA:228,11
DA:229,11
DA:232,9
DA:235,9
DA:237,9
DA:257,10
DA:258,10
DA:272,10
DA:281,9
DA:284,9
DA:285,9
DA:287,9
DA:292,6
DA:294,6
DA:295,6
DA:301,6
DA:310,6
DA:311,2
DA:314,6
DA:315,6
DA:318,9
DA:319,3
DA:322,6
DA:329,4
DA:330,4
DA:338,2
LF:92
LH:85
BRDA:51,0,0,1
BRDA:51,0,1,9
BRDA:107,1,0,12
BRDA:107,1,1,7
BRDA:124,2,0,1
BRDA:124,2,1,5
BRDA:137,3,0,2
BRDA:137,3,1,4
BRDA:155,4,0,3
BRDA:155,4,1,0
BRDA:160,5,0,8
BRDA:160,5,1,2
BRDA:187,6,0,13
BRDA:187,6,1,3
BRDA:192,7,0,1
BRDA:192,7,1,15
BRDA:192,8,0,16
BRDA:192,8,1,2
BRDA:192,8,2,2
BRDA:193,9,0,1
BRDA:193,9,1,0
BRDA:196,10,0,0
BRDA:196,10,1,1
BRDA:196,11,0,1
BRDA:196,11,1,0
BRDA:198,12,0,0
BRDA:198,12,1,0
BRDA:199,13,0,0
BRDA:199,13,1,0
BRDA:204,14,0,1
BRDA:204,14,1,15
BRDA:204,15,0,16
BRDA:204,15,1,2
BRDA:206,16,0,0
BRDA:206,16,1,1
BRDA:208,17,0,0
BRDA:208,17,1,1
BRDA:210,18,0,1
BRDA:210,18,1,0
BRDA:212,19,0,0
BRDA:212,19,1,0
BRDA:225,20,0,4
BRDA:225,20,1,11
BRDA:229,21,0,2
BRDA:229,21,1,9
BRDA:235,22,0,0
BRDA:235,22,1,9
BRDA:288,23,0,15
BRDA:288,23,1,9
BRDA:288,23,2,7
BRDA:310,24,0,2
BRDA:310,24,1,4
BRDA:318,25,0,3
BRDA:318,25,1,6
BRDA:332,26,0,4
BRDA:332,26,1,0
BRF:56
BRH:41
end_of_record
TN:
SF:services/conversationService.js
FN:10,initializeConversation
FN:22,getConversationHistory
FN:31,updateConversationHistory
FN:39,clearConversationHistory
FN:48,getConversationStats
FN:51,(anonymous_5)
FN:53,(anonymous_6)
FN:70,trimConversationHistory
FNF:8
FNH:8
FNDA:2,initializeConversation
FNDA:9,getConversationHistory
FNDA:3,updateConversationHistory
FNDA:1,clearConversationHistory
FNDA:3,getConversationStats
FNDA:3,(anonymous_5)
FNDA:3,(anonymous_6)
FNDA:4,trimConversationHistory
DA:11,2
DA:12,1
DA:14,2
DA:23,9
DA:32,3
DA:40,1
DA:49,3
DA:51,3
DA:52,3
DA:53,3
DA:56,3
DA:71,4
DA:73,4
DA:75,2
DA:76,2
DA:80,2
LF:16
LH:16
BRDA:11,0,0,1
BRDA:11,0,1,1
BRDA:23,1,0,9
BRDA:23,1,1,2
BRDA:70,2,0,1
BRDA:73,3,0,2
BRDA:73,3,1,2
BRF:7
BRH:7
end_of_record
TN:
SF:services/embeddingService.js
FN:20,generateEmbeddings
FN:33,(anonymous_1)
FN:48,cosineSimilarity
FN:77,findRelatedWords
FN:105,(anonymous_4)
FNF:5
FNH:5
FNDA:6,generateEmbeddings
FNDA:14,(anonymous_1)
FNDA:12,cosineSimilarity
FNDA:6,findRelatedWords
FNDA:5,(anonymous_4)
DA:7,2
DA:8,2
DA:10,2
DA:21,6
DA:22,6
DA:24,6
DA:25,8
DA:27,8
DA:33,14
DA:34,8
DA:35,22
DA:39,6
DA:49,12
DA:50,12
DA:51,12
DA:53,12
DA:54,35
DA:55,35
DA:56,35
DA:59,12
DA:60,12
DA:62,12
DA:63,0
DA:66,12
DA:79,6
DA:83,6
DA:84,6
DA:87,6
DA:88,6
DA:91,6
DA:93,6
DA:94,12
DA:96,12
DA:97,9
DA:105,6
DA:107,6
DA:110,2
LF:37
LH:36
BRDA:62,0,0,0
BRDA:62,0,1,12
BRDA:62,1,0,12
BRDA:62,1,1,12
BRDA:79,2,0,5
BRDA:79,2,1,1
BRDA:96,3,0,9
BRDA:96,3,1,3
BRF:8
BRH:7
end_of_record
TN:
SF:services/favoriteService.js
FN:14,isValidIsbn13
FN:42,normalizeIsbn13
FN:55,isFavorite
FN:60,(anonymous_3)
FN:70,addFavorite
FN:88,(anonymous_5)
FN:118,removeFavorite
FN:127,(anonymous_7)
FN:151,listFavorites
FN:180,getFavoriteCount
FN:193,clearFavorites
FNF:11
FNH:11
FNDA:15,isValidIsbn13
FNDA:5,normalizeIsbn13
FNDA:3,isFavorite
FNDA:1,(anonymous_3)
FNDA:4,addFavorite
FNDA:1,(anonymous_5)
FNDA:3,removeFavorite
FNDA:1,(anonymous_7)
FNDA:4,listFavorites
FNDA:2,getFavoriteCount
FNDA:3,clearFavorites
DA:6,2
DA:15,15
DA:16,4
DA:20,11
DA:23,11
DA:24,3
DA:28,8
DA:29,8
DA:30,96
DA:32,8
DA:34,8
DA:43,5
DA:44,3
DA:46,2
DA:56,3
DA:57,3
DA:58,1
DA:60,2
DA:72,4
DA:73,1
DA:79,3
DA:80,3
DA:81,1
DA:88,2
DA:89,1
DA:96,1
DA:102,1
DA:103,1
DA:105,1
DA:119,3
DA:120,3
DA:121,1
DA:127,2
DA:129,2
DA:130,1
DA:136,1
DA:137,1
DA:139,1
DA:152,4
DA:153,4
DA:154,1
DA:162,3
DA:181,2
DA:182,2
DA:183,1
DA:185,1
DA:194,3
DA:195,3
DA:196,1
DA:202,2
DA:203,2
DA:204,2
DA:206,2
DA:217,2
LF:54
LH:54
BRDA:15,0,0,4
BRDA:15,0,1,11
BRDA:15,1,0,15
BRDA:15,1,1,12
BRDA:23,2,0,3
BRDA:23,2,1,8
BRDA:30,3,0,48
BRDA:30,3,1,48
BRDA:43,4,0,3
BRDA:43,4,1,2
BRDA:43,5,0,5
BRDA:43,5,1,3
BRDA:57,6,0,1
BRDA:57,6,1,2
BRDA:72,7,0,1
BRDA:72,7,1,3
BRDA:80,8,0,1
BRDA:80,8,1,2
BRDA:88,9,0,1
BRDA:88,9,1,1
BRDA:120,10,0,1
BRDA:120,10,1,2
BRDA:129,11,0,1
BRDA:129,11,1,1
BRDA:153,12,0,1
BRDA:153,12,1,3
BRDA:167,13,0,1
BRDA:167,13,1,2
BRDA:170,14,0,1
BRDA:170,14,1,1
BRDA:182,15,0,1
BRDA:182,15,1,1
BRDA:195,16,0,1
BRDA:195,16,1,2
BRDA:209,17,0,1
BRDA:209,17,1,1
BRDA:212,18,0,0
BRDA:212,18,1,1
BRF:38
BRH:37
end_of_record
TN:
SF:services/gutenbergService.js
FN:13,searchBook
FN:68,(anonymous_1)
FN:87,stripSubtitle
FN:100,getTextUrl
FN:129,fetchBookText
FN:158,countWordOccurrences
FN:186,resolveBookForSearch
FN:213,countWordInBook
FN:255,extractUniqueWords
FN:260,(anonymous_9)
FN:285,getBookFullText
FNF:11
FNH:11
FNDA:12,searchBook
FNDA:5,(anonymous_1)
FNDA:2,stripSubtitle
FNDA:6,getTextUrl
FNDA:6,fetchBookText
FNDA:10,countWordOccurrences
FNDA:7,resolveBookForSearch
FNDA:3,countWordInBook
FNDA:5,extractUniqueWords
FNDA:13,(anonymous_9)
FNDA:2,getBookFullText
DA:6,3
DA:14,12
DA:15,12
DA:16,12
DA:20,11
DA:21,1
DA:24,10
DA:26,10
DA:27,4
DA:34,6
DA:35,6
DA:37,6
DA:38,6
DA:39,6
DA:40,4
DA:41,4
DA:44,2
DA:48,2
DA:49,2
DA:54,6
DA:56,6
DA:57,1
DA:63,5
DA:68,5
DA:74,2
DA:75,2
DA:88,2
DA:91,2
DA:92,2
DA:102,6
DA:108,6
DA:109,12
DA:110,5
DA:115,1
DA:116,1
DA:117,0
DA:121,1
DA:130,6
DA:131,6
DA:133,5
DA:134,2
DA:137,3
DA:139,3
DA:144,3
DA:145,3
DA:160,10
DA:161,10
DA:165,10
DA:168,10
DA:172,10
DA:173,10
DA:175,10
DA:187,7
DA:189,7
DA:190,3
DA:197,4
DA:215,3
DA:217,3
DA:218,1
DA:226,2
DA:228,2
DA:229,1
DA:237,1
DA:239,1
DA:257,5
DA:260,5
DA:262,13
DA:264,13
DA:268,5
DA:269,5
DA:270,8
DA:271,8
DA:272,8
DA:276,5
DA:287,2
DA:289,2
DA:290,1
DA:298,1
DA:300,1
DA:301,0
DA:308,1
DA:316,3
LF:82
LH:80
BRDA:20,0,0,1
BRDA:20,0,1,10
BRDA:26,1,0,4
BRDA:26,1,1,6
BRDA:26,2,0,10
BRDA:26,2,1,10
BRDA:39,3,0,4
BRDA:39,3,1,2
BRDA:44,4,0,2
BRDA:44,4,1,0
BRDA:45,5,0,2
BRDA:45,5,1,0
BRDA:56,6,0,1
BRDA:56,6,1,5
BRDA:77,7,0,2
BRDA:77,7,1,0
BRDA:88,8,0,0
BRDA:88,8,1,2
BRDA:109,9,0,5
BRDA:109,9,1,7
BRDA:116,10,0,0
BRDA:116,10,1,1
BRDA:133,11,0,2
BRDA:133,11,1,3
BRDA:147,12,0,3
BRDA:147,12,1,0
BRDA:168,13,0,2
BRDA:168,13,1,8
BRDA:173,14,0,7
BRDA:173,14,1,3
BRDA:189,15,0,3
BRDA:189,15,1,4
BRDA:192,16,0,3
BRDA:192,16,1,0
BRDA:217,17,0,1
BRDA:217,17,1,2
BRDA:228,18,0,1
BRDA:228,18,1,1
BRDA:271,19,0,8
BRDA:271,19,1,0
BRDA:289,20,0,1
BRDA:289,20,1,1
BRDA:300,21,0,0
BRDA:300,21,1,1
BRF:44
BRH:35
end_of_record
TN:
SF:services/tagService.js
FN:10,convertTagsToHTML
FNF:1
FNH:1
FNDA:16,convertTagsToHTML
DA:11,16
DA:12,5
DA:16,11
DA:31,11
DA:38,11
DA:39,11
DA:42,11
DA:45,2
LF:8
LH:8
BRDA:11,0,0,5
BRDA:11,0,1,11
BRDA:11,1,0,16
BRDA:11,1,1,13
BRDA:38,2,0,11
BRDA:38,2,1,0
BRF:6
BRH:5
end_of_record
TN:
SF:utils/validators.js
FN:11,validateMessage
FN:36,sanitizeInput
FN:55,validateEnvironment
FN:58,(anonymous_3)
FN:76,validateIsbn13
FN:117,validateFavoriteBook
FNF:6
FNH:6
FNDA:10,validateMessage
FNDA:6,sanitizeInput
FNDA:3,validateEnvironment
FNDA:3,(anonymous_3)
FNDA:14,validateIsbn13
FNDA:7,validateFavoriteBook
DA:12,10
DA:13,3
DA:16,7
DA:17,3
DA:20,4
DA:21,1
DA:24,3
DA:25,1
DA:28,2
DA:37,6
DA:38,3
DA:42,3
DA:56,3
DA:58,3
DA:59,3
DA:60,1
DA:64,3
DA:77,14
DA:78,3
DA:82,11
DA:85,11
DA:86,2
DA:93,9
DA:94,9
DA:95,108
DA:97,9
DA:99,9
DA:100,2
DA:106,7
DA:118,7
DA:119,2
DA:122,5
DA:125,5
DA:126,5
DA:127,1
DA:131,4
DA:132,1
DA:135,3
DA:136,1
DA:139,2
DA:140,1
DA:146,1
DA:149,2
LF:43
LH:43
BRDA:12,0,0,3
BRDA:12,0,1,7
BRDA:16,1,0,3
BRDA:16,1,1,4
BRDA:20,2,0,1
BRDA:20,2,1,3
BRDA:24,3,0,1
BRDA:24,3,1,2
BRDA:37,4,0,3
BRDA:37,4,1,3
BRDA:59,5,0,1
BRDA:59,5,1,2
BRDA:77,6,0,3
BRDA:77,6,1,11
BRDA:77,7,0,14
BRDA:77,7,1,12
BRDA:85,8,0,2
BRDA:85,8,1,9
BRDA:95,9,0,54
BRDA:95,9,1,54
BRDA:99,10,0,2
BRDA:99,10,1,7
BRDA:118,11,0,2
BRDA:118,11,1,5
BRDA:118,12,0,7
BRDA:118,12,1,6
BRDA:126,13,0,1
BRDA:126,13,1,4
BRDA:131,14,0,1
BRDA:131,14,1,3
BRDA:131,15,0,4
BRDA:131,15,1,3
BRDA:135,16,0,1
BRDA:135,16,1,2
BRDA:139,17,0,1
BRDA:139,17,1,1
BRF:36
BRH:36
end_of_record
